#-----------------------------------------------------------
# Vivado v2020.2 (64-bit)
# SW Build 3064766 on Wed Nov 18 09:12:45 MST 2020
# IP Build 3064653 on Wed Nov 18 14:17:31 MST 2020
# Start of session at: Fri Apr  2 11:25:35 2021
# Process ID: 2528
# Current directory: D:/ZedboardMinimalSystemHardware
# Command line: vivado.exe -gui_launcher_event rodinguilauncherevent5616 D:\ZedboardMinimalSystemHardware\ZedboardMinimalSystemHardware.xpr
# Log file: D:/ZedboardMinimalSystemHardware/vivado.log
# Journal file: D:/ZedboardMinimalSystemHardware\vivado.jou
#-----------------------------------------------------------
start_gui
open_project D:/ZedboardMinimalSystemHardware/ZedboardMinimalSystemHardware.xpr
Scanning sources...
Finished scanning sources
INFO: [IP_Flow 19-234] Refreshing IP repositories
INFO: [IP_Flow 19-1704] No user IP repositories specified
INFO: [IP_Flow 19-2313] Loaded Vivado IP repository 'C:/Xilinx/Vivado/2020.2/data/ip'.
open_project: Time (s): cpu = 00:00:22 ; elapsed = 00:00:47 . Memory (MB): peak = 983.109 ; gain = 0.000
update_compile_order -fileset sources_1
open_bd_design {D:/ZedboardMinimalSystemHardware/ZedboardMinimalSystemHardware.srcs/sources_1/bd/system/system.bd}
Reading block design file <D:/ZedboardMinimalSystemHardware/ZedboardMinimalSystemHardware.srcs/sources_1/bd/system/system.bd>...
Adding component instance block -- xilinx.com:ip:processing_system7:5.5 - processing_system7_0
Adding component instance block -- xilinx.com:ip:axi_gpio:2.0 - axi_gpio_0
Adding component instance block -- xilinx.com:ip:axi_gpio:2.0 - axi_gpio_1
Adding component instance block -- xilinx.com:ip:axi_interconnect:2.1 - ps7_0_axi_periph
Adding component instance block -- xilinx.com:ip:axi_crossbar:2.1 - xbar
Adding component instance block -- xilinx.com:ip:axi_protocol_converter:2.1 - auto_pc
Adding component instance block -- xilinx.com:ip:proc_sys_reset:5.0 - rst_ps7_0_100M
Successfully read diagram <system> from block design file <D:/ZedboardMinimalSystemHardware/ZedboardMinimalSystemHardware.srcs/sources_1/bd/system/system.bd>
open_bd_design: Time (s): cpu = 00:00:18 ; elapsed = 00:00:28 . Memory (MB): peak = 983.109 ; gain = 0.000
write_hw_platform -fixed -include_bit -force -file D:/ZedboardMinimalSystemHardware/system_wrapper.xsa
INFO: [Vivado 12-4895] Creating Hardware Platform: D:/ZedboardMinimalSystemHardware/system_wrapper.xsa ...
INFO: [Hsi 55-2053] elapsed time for repository (C:/Xilinx/Vivado/2020.2/data\embeddedsw) loading 8 seconds
INFO: [Vivado 12-12467] The Hardware Platform can be used for Hardware
INFO: [Vivado 12-4896] Successfully created Hardware Platform: D:/ZedboardMinimalSystemHardware/system_wrapper.xsa
write_hw_platform: Time (s): cpu = 00:00:11 ; elapsed = 00:00:20 . Memory (MB): peak = 1123.145 ; gain = 140.035
exit
INFO: [Common 17-206] Exiting Vivado at Fri Apr  2 11:32:46 2021...
