Copyright 1986-2020 Xilinx, Inc. All Rights Reserved.
------------------------------------------------------------------------------------------------------------------------------------
| Tool Version : Vivado v.2020.2 (win64) Build 3064766 Wed Nov 18 09:12:45 MST 2020
| Date         : Sun Apr 25 08:43:50 2021
| Host         : WINDOWS-K4KGMCR running 64-bit major release  (build 9200)
| Command      : report_drc -file system_wrapper_drc_routed.rpt -pb system_wrapper_drc_routed.pb -rpx system_wrapper_drc_routed.rpx
| Design       : system_wrapper
| Device       : xc7z020clg484-1
| Speed File   : -1
| Design State : Fully Routed
------------------------------------------------------------------------------------------------------------------------------------

Report DRC

Table of Contents
-----------------
1. REPORT SUMMARY
2. REPORT DETAILS

1. REPORT SUMMARY
-----------------
            Netlist: netlist
          Floorplan: design_1
      Design limits: <entire design considered>
           Ruledeck: default
             Max violations: <unlimited>
             Violations found: 23
+-----------+----------+----------------------------+------------+
| Rule      | Severity | Description                | Violations |
+-----------+----------+----------------------------+------------+
| CHECK-3   | Warning  | Report rule limit reached  | 1          |
| REQP-1840 | Warning  | RAMB18 async control check | 20         |
| RTSTAT-10 | Warning  | No routable loads          | 1          |
| REQP-165  | Advisory | writefirst                 | 1          |
+-----------+----------+----------------------------+------------+

2. REPORT DETAILS
-----------------
CHECK-3#1 Warning
Report rule limit reached  
REQP-1840 rule limit reached: 20 violations have been found.
Related violations: <none>

REQP-1840#1 Warning
RAMB18 async control check  
The RAMB18E1 system_i/DisparityV0_ip_0/U0/u_DisparityV0_ip_dut_inst/u_DisparityV0_ip_src_DisparityV0/u_ct/u_LB_D/u_ShiftRegisterRAM_generic/ram_reg has an input control pin system_i/DisparityV0_ip_0/U0/u_DisparityV0_ip_dut_inst/u_DisparityV0_ip_src_DisparityV0/u_ct/u_LB_D/u_ShiftRegisterRAM_generic/ram_reg/ADDRARDADDR[10] (net: system_i/DisparityV0_ip_0/U0/u_DisparityV0_ip_dut_inst/u_DisparityV0_ip_src_DisparityV0/u_ct/u_LB_D/u_ShiftRegisterRAM_generic/Q[6]) which is driven by a register (system_i/DisparityV0_ip_0/U0/u_DisparityV0_ip_dut_inst/u_DisparityV0_ip_src_DisparityV0/u_ct/u_LB_D/Line_Buffer_Horiz1_waddr_reg[6]) that has an active asychronous set or reset. This may cause corruption of the memory contents and/or read values when the set/reset is asserted and is not analyzed by the default static timing analysis. It is suggested to eliminate the use of a set/reset to registers driving this RAMB pin or else use a synchronous reset in which the assertion of the reset is timed by default.
Related violations: <none>

REQP-1840#2 Warning
RAMB18 async control check  
The RAMB18E1 system_i/DisparityV0_ip_0/U0/u_DisparityV0_ip_dut_inst/u_DisparityV0_ip_src_DisparityV0/u_ct/u_LB_D/u_ShiftRegisterRAM_generic/ram_reg has an input control pin system_i/DisparityV0_ip_0/U0/u_DisparityV0_ip_dut_inst/u_DisparityV0_ip_src_DisparityV0/u_ct/u_LB_D/u_ShiftRegisterRAM_generic/ram_reg/ADDRARDADDR[11] (net: system_i/DisparityV0_ip_0/U0/u_DisparityV0_ip_dut_inst/u_DisparityV0_ip_src_DisparityV0/u_ct/u_LB_D/u_ShiftRegisterRAM_generic/Q[7]) which is driven by a register (system_i/DisparityV0_ip_0/U0/u_DisparityV0_ip_dut_inst/u_DisparityV0_ip_src_DisparityV0/u_ct/u_LB_D/Line_Buffer_Horiz1_waddr_reg[7]) that has an active asychronous set or reset. This may cause corruption of the memory contents and/or read values when the set/reset is asserted and is not analyzed by the default static timing analysis. It is suggested to eliminate the use of a set/reset to registers driving this RAMB pin or else use a synchronous reset in which the assertion of the reset is timed by default.
Related violations: <none>

REQP-1840#3 Warning
RAMB18 async control check  
The RAMB18E1 system_i/DisparityV0_ip_0/U0/u_DisparityV0_ip_dut_inst/u_DisparityV0_ip_src_DisparityV0/u_ct/u_LB_D/u_ShiftRegisterRAM_generic/ram_reg has an input control pin system_i/DisparityV0_ip_0/U0/u_DisparityV0_ip_dut_inst/u_DisparityV0_ip_src_DisparityV0/u_ct/u_LB_D/u_ShiftRegisterRAM_generic/ram_reg/ADDRARDADDR[12] (net: system_i/DisparityV0_ip_0/U0/u_DisparityV0_ip_dut_inst/u_DisparityV0_ip_src_DisparityV0/u_ct/u_LB_D/u_ShiftRegisterRAM_generic/Q[8]) which is driven by a register (system_i/DisparityV0_ip_0/U0/u_DisparityV0_ip_dut_inst/u_DisparityV0_ip_src_DisparityV0/u_ct/u_LB_D/Line_Buffer_Horiz1_waddr_reg[8]) that has an active asychronous set or reset. This may cause corruption of the memory contents and/or read values when the set/reset is asserted and is not analyzed by the default static timing analysis. It is suggested to eliminate the use of a set/reset to registers driving this RAMB pin or else use a synchronous reset in which the assertion of the reset is timed by default.
Related violations: <none>

REQP-1840#4 Warning
RAMB18 async control check  
The RAMB18E1 system_i/DisparityV0_ip_0/U0/u_DisparityV0_ip_dut_inst/u_DisparityV0_ip_src_DisparityV0/u_ct/u_LB_D/u_ShiftRegisterRAM_generic/ram_reg has an input control pin system_i/DisparityV0_ip_0/U0/u_DisparityV0_ip_dut_inst/u_DisparityV0_ip_src_DisparityV0/u_ct/u_LB_D/u_ShiftRegisterRAM_generic/ram_reg/ADDRARDADDR[13] (net: system_i/DisparityV0_ip_0/U0/u_DisparityV0_ip_dut_inst/u_DisparityV0_ip_src_DisparityV0/u_ct/u_LB_D/u_ShiftRegisterRAM_generic/Q[9]) which is driven by a register (system_i/DisparityV0_ip_0/U0/u_DisparityV0_ip_dut_inst/u_DisparityV0_ip_src_DisparityV0/u_ct/u_LB_D/Line_Buffer_Horiz1_waddr_reg[9]) that has an active asychronous set or reset. This may cause corruption of the memory contents and/or read values when the set/reset is asserted and is not analyzed by the default static timing analysis. It is suggested to eliminate the use of a set/reset to registers driving this RAMB pin or else use a synchronous reset in which the assertion of the reset is timed by default.
Related violations: <none>

REQP-1840#5 Warning
RAMB18 async control check  
The RAMB18E1 system_i/DisparityV0_ip_0/U0/u_DisparityV0_ip_dut_inst/u_DisparityV0_ip_src_DisparityV0/u_ct/u_LB_D/u_ShiftRegisterRAM_generic/ram_reg has an input control pin system_i/DisparityV0_ip_0/U0/u_DisparityV0_ip_dut_inst/u_DisparityV0_ip_src_DisparityV0/u_ct/u_LB_D/u_ShiftRegisterRAM_generic/ram_reg/ADDRARDADDR[4] (net: system_i/DisparityV0_ip_0/U0/u_DisparityV0_ip_dut_inst/u_DisparityV0_ip_src_DisparityV0/u_ct/u_LB_D/u_ShiftRegisterRAM_generic/Q[0]) which is driven by a register (system_i/DisparityV0_ip_0/U0/u_DisparityV0_ip_dut_inst/u_DisparityV0_ip_src_DisparityV0/u_ct/u_LB_D/Line_Buffer_Horiz1_waddr_reg[0]) that has an active asychronous set or reset. This may cause corruption of the memory contents and/or read values when the set/reset is asserted and is not analyzed by the default static timing analysis. It is suggested to eliminate the use of a set/reset to registers driving this RAMB pin or else use a synchronous reset in which the assertion of the reset is timed by default.
Related violations: <none>

REQP-1840#6 Warning
RAMB18 async control check  
The RAMB18E1 system_i/DisparityV0_ip_0/U0/u_DisparityV0_ip_dut_inst/u_DisparityV0_ip_src_DisparityV0/u_ct/u_LB_D/u_ShiftRegisterRAM_generic/ram_reg has an input control pin system_i/DisparityV0_ip_0/U0/u_DisparityV0_ip_dut_inst/u_DisparityV0_ip_src_DisparityV0/u_ct/u_LB_D/u_ShiftRegisterRAM_generic/ram_reg/ADDRARDADDR[5] (net: system_i/DisparityV0_ip_0/U0/u_DisparityV0_ip_dut_inst/u_DisparityV0_ip_src_DisparityV0/u_ct/u_LB_D/u_ShiftRegisterRAM_generic/Q[1]) which is driven by a register (system_i/DisparityV0_ip_0/U0/u_DisparityV0_ip_dut_inst/u_DisparityV0_ip_src_DisparityV0/u_ct/u_LB_D/Line_Buffer_Horiz1_waddr_reg[1]) that has an active asychronous set or reset. This may cause corruption of the memory contents and/or read values when the set/reset is asserted and is not analyzed by the default static timing analysis. It is suggested to eliminate the use of a set/reset to registers driving this RAMB pin or else use a synchronous reset in which the assertion of the reset is timed by default.
Related violations: <none>

REQP-1840#7 Warning
RAMB18 async control check  
The RAMB18E1 system_i/DisparityV0_ip_0/U0/u_DisparityV0_ip_dut_inst/u_DisparityV0_ip_src_DisparityV0/u_ct/u_LB_D/u_ShiftRegisterRAM_generic/ram_reg has an input control pin system_i/DisparityV0_ip_0/U0/u_DisparityV0_ip_dut_inst/u_DisparityV0_ip_src_DisparityV0/u_ct/u_LB_D/u_ShiftRegisterRAM_generic/ram_reg/ADDRARDADDR[6] (net: system_i/DisparityV0_ip_0/U0/u_DisparityV0_ip_dut_inst/u_DisparityV0_ip_src_DisparityV0/u_ct/u_LB_D/u_ShiftRegisterRAM_generic/Q[2]) which is driven by a register (system_i/DisparityV0_ip_0/U0/u_DisparityV0_ip_dut_inst/u_DisparityV0_ip_src_DisparityV0/u_ct/u_LB_D/Line_Buffer_Horiz1_waddr_reg[2]) that has an active asychronous set or reset. This may cause corruption of the memory contents and/or read values when the set/reset is asserted and is not analyzed by the default static timing analysis. It is suggested to eliminate the use of a set/reset to registers driving this RAMB pin or else use a synchronous reset in which the assertion of the reset is timed by default.
Related violations: <none>

REQP-1840#8 Warning
RAMB18 async control check  
The RAMB18E1 system_i/DisparityV0_ip_0/U0/u_DisparityV0_ip_dut_inst/u_DisparityV0_ip_src_DisparityV0/u_ct/u_LB_D/u_ShiftRegisterRAM_generic/ram_reg has an input control pin system_i/DisparityV0_ip_0/U0/u_DisparityV0_ip_dut_inst/u_DisparityV0_ip_src_DisparityV0/u_ct/u_LB_D/u_ShiftRegisterRAM_generic/ram_reg/ADDRARDADDR[7] (net: system_i/DisparityV0_ip_0/U0/u_DisparityV0_ip_dut_inst/u_DisparityV0_ip_src_DisparityV0/u_ct/u_LB_D/u_ShiftRegisterRAM_generic/Q[3]) which is driven by a register (system_i/DisparityV0_ip_0/U0/u_DisparityV0_ip_dut_inst/u_DisparityV0_ip_src_DisparityV0/u_ct/u_LB_D/Line_Buffer_Horiz1_waddr_reg[3]) that has an active asychronous set or reset. This may cause corruption of the memory contents and/or read values when the set/reset is asserted and is not analyzed by the default static timing analysis. It is suggested to eliminate the use of a set/reset to registers driving this RAMB pin or else use a synchronous reset in which the assertion of the reset is timed by default.
Related violations: <none>

REQP-1840#9 Warning
RAMB18 async control check  
The RAMB18E1 system_i/DisparityV0_ip_0/U0/u_DisparityV0_ip_dut_inst/u_DisparityV0_ip_src_DisparityV0/u_ct/u_LB_D/u_ShiftRegisterRAM_generic/ram_reg has an input control pin system_i/DisparityV0_ip_0/U0/u_DisparityV0_ip_dut_inst/u_DisparityV0_ip_src_DisparityV0/u_ct/u_LB_D/u_ShiftRegisterRAM_generic/ram_reg/ADDRARDADDR[8] (net: system_i/DisparityV0_ip_0/U0/u_DisparityV0_ip_dut_inst/u_DisparityV0_ip_src_DisparityV0/u_ct/u_LB_D/u_ShiftRegisterRAM_generic/Q[4]) which is driven by a register (system_i/DisparityV0_ip_0/U0/u_DisparityV0_ip_dut_inst/u_DisparityV0_ip_src_DisparityV0/u_ct/u_LB_D/Line_Buffer_Horiz1_waddr_reg[4]) that has an active asychronous set or reset. This may cause corruption of the memory contents and/or read values when the set/reset is asserted and is not analyzed by the default static timing analysis. It is suggested to eliminate the use of a set/reset to registers driving this RAMB pin or else use a synchronous reset in which the assertion of the reset is timed by default.
Related violations: <none>

REQP-1840#10 Warning
RAMB18 async control check  
The RAMB18E1 system_i/DisparityV0_ip_0/U0/u_DisparityV0_ip_dut_inst/u_DisparityV0_ip_src_DisparityV0/u_ct/u_LB_D/u_ShiftRegisterRAM_generic/ram_reg has an input control pin system_i/DisparityV0_ip_0/U0/u_DisparityV0_ip_dut_inst/u_DisparityV0_ip_src_DisparityV0/u_ct/u_LB_D/u_ShiftRegisterRAM_generic/ram_reg/ADDRARDADDR[9] (net: system_i/DisparityV0_ip_0/U0/u_DisparityV0_ip_dut_inst/u_DisparityV0_ip_src_DisparityV0/u_ct/u_LB_D/u_ShiftRegisterRAM_generic/Q[5]) which is driven by a register (system_i/DisparityV0_ip_0/U0/u_DisparityV0_ip_dut_inst/u_DisparityV0_ip_src_DisparityV0/u_ct/u_LB_D/Line_Buffer_Horiz1_waddr_reg[5]) that has an active asychronous set or reset. This may cause corruption of the memory contents and/or read values when the set/reset is asserted and is not analyzed by the default static timing analysis. It is suggested to eliminate the use of a set/reset to registers driving this RAMB pin or else use a synchronous reset in which the assertion of the reset is timed by default.
Related violations: <none>

REQP-1840#11 Warning
RAMB18 async control check  
The RAMB18E1 system_i/DisparityV0_ip_0/U0/u_DisparityV0_ip_dut_inst/u_DisparityV0_ip_src_DisparityV0/u_ct/u_LB_D/u_ShiftRegisterRAM_generic/ram_reg has an input control pin system_i/DisparityV0_ip_0/U0/u_DisparityV0_ip_dut_inst/u_DisparityV0_ip_src_DisparityV0/u_ct/u_LB_D/u_ShiftRegisterRAM_generic/ram_reg/ADDRBWRADDR[10] (net: system_i/DisparityV0_ip_0/U0/u_DisparityV0_ip_dut_inst/u_DisparityV0_ip_src_DisparityV0/u_ct/u_LB_D/u_ShiftRegisterRAM_generic/ram_reg_1[6]) which is driven by a register (system_i/DisparityV0_ip_0/U0/u_DisparityV0_ip_dut_inst/u_DisparityV0_ip_src_DisparityV0/u_ct/u_LB_D/Line_Buffer_Horiz1_raddr_reg[6]) that has an active asychronous set or reset. This may cause corruption of the memory contents and/or read values when the set/reset is asserted and is not analyzed by the default static timing analysis. It is suggested to eliminate the use of a set/reset to registers driving this RAMB pin or else use a synchronous reset in which the assertion of the reset is timed by default.
Related violations: <none>

REQP-1840#12 Warning
RAMB18 async control check  
The RAMB18E1 system_i/DisparityV0_ip_0/U0/u_DisparityV0_ip_dut_inst/u_DisparityV0_ip_src_DisparityV0/u_ct/u_LB_D/u_ShiftRegisterRAM_generic/ram_reg has an input control pin system_i/DisparityV0_ip_0/U0/u_DisparityV0_ip_dut_inst/u_DisparityV0_ip_src_DisparityV0/u_ct/u_LB_D/u_ShiftRegisterRAM_generic/ram_reg/ADDRBWRADDR[11] (net: system_i/DisparityV0_ip_0/U0/u_DisparityV0_ip_dut_inst/u_DisparityV0_ip_src_DisparityV0/u_ct/u_LB_D/u_ShiftRegisterRAM_generic/ram_reg_1[7]) which is driven by a register (system_i/DisparityV0_ip_0/U0/u_DisparityV0_ip_dut_inst/u_DisparityV0_ip_src_DisparityV0/u_ct/u_LB_D/Line_Buffer_Horiz1_raddr_reg[7]) that has an active asychronous set or reset. This may cause corruption of the memory contents and/or read values when the set/reset is asserted and is not analyzed by the default static timing analysis. It is suggested to eliminate the use of a set/reset to registers driving this RAMB pin or else use a synchronous reset in which the assertion of the reset is timed by default.
Related violations: <none>

REQP-1840#13 Warning
RAMB18 async control check  
The RAMB18E1 system_i/DisparityV0_ip_0/U0/u_DisparityV0_ip_dut_inst/u_DisparityV0_ip_src_DisparityV0/u_ct/u_LB_D/u_ShiftRegisterRAM_generic/ram_reg has an input control pin system_i/DisparityV0_ip_0/U0/u_DisparityV0_ip_dut_inst/u_DisparityV0_ip_src_DisparityV0/u_ct/u_LB_D/u_ShiftRegisterRAM_generic/ram_reg/ADDRBWRADDR[12] (net: system_i/DisparityV0_ip_0/U0/u_DisparityV0_ip_dut_inst/u_DisparityV0_ip_src_DisparityV0/u_ct/u_LB_D/u_ShiftRegisterRAM_generic/ram_reg_1[8]) which is driven by a register (system_i/DisparityV0_ip_0/U0/u_DisparityV0_ip_dut_inst/u_DisparityV0_ip_src_DisparityV0/u_ct/u_LB_D/Line_Buffer_Horiz1_raddr_reg[8]) that has an active asychronous set or reset. This may cause corruption of the memory contents and/or read values when the set/reset is asserted and is not analyzed by the default static timing analysis. It is suggested to eliminate the use of a set/reset to registers driving this RAMB pin or else use a synchronous reset in which the assertion of the reset is timed by default.
Related violations: <none>

REQP-1840#14 Warning
RAMB18 async control check  
The RAMB18E1 system_i/DisparityV0_ip_0/U0/u_DisparityV0_ip_dut_inst/u_DisparityV0_ip_src_DisparityV0/u_ct/u_LB_D/u_ShiftRegisterRAM_generic/ram_reg has an input control pin system_i/DisparityV0_ip_0/U0/u_DisparityV0_ip_dut_inst/u_DisparityV0_ip_src_DisparityV0/u_ct/u_LB_D/u_ShiftRegisterRAM_generic/ram_reg/ADDRBWRADDR[13] (net: system_i/DisparityV0_ip_0/U0/u_DisparityV0_ip_dut_inst/u_DisparityV0_ip_src_DisparityV0/u_ct/u_LB_D/u_ShiftRegisterRAM_generic/ram_reg_1[9]) which is driven by a register (system_i/DisparityV0_ip_0/U0/u_DisparityV0_ip_dut_inst/u_DisparityV0_ip_src_DisparityV0/u_ct/u_LB_D/Line_Buffer_Horiz1_raddr_reg[9]) that has an active asychronous set or reset. This may cause corruption of the memory contents and/or read values when the set/reset is asserted and is not analyzed by the default static timing analysis. It is suggested to eliminate the use of a set/reset to registers driving this RAMB pin or else use a synchronous reset in which the assertion of the reset is timed by default.
Related violations: <none>

REQP-1840#15 Warning
RAMB18 async control check  
The RAMB18E1 system_i/DisparityV0_ip_0/U0/u_DisparityV0_ip_dut_inst/u_DisparityV0_ip_src_DisparityV0/u_ct/u_LB_D/u_ShiftRegisterRAM_generic/ram_reg has an input control pin system_i/DisparityV0_ip_0/U0/u_DisparityV0_ip_dut_inst/u_DisparityV0_ip_src_DisparityV0/u_ct/u_LB_D/u_ShiftRegisterRAM_generic/ram_reg/ADDRBWRADDR[4] (net: system_i/DisparityV0_ip_0/U0/u_DisparityV0_ip_dut_inst/u_DisparityV0_ip_src_DisparityV0/u_ct/u_LB_D/u_ShiftRegisterRAM_generic/ram_reg_1[0]) which is driven by a register (system_i/DisparityV0_ip_0/U0/u_DisparityV0_ip_dut_inst/u_DisparityV0_ip_src_DisparityV0/u_ct/u_LB_D/Line_Buffer_Horiz1_raddr_reg[0]) that has an active asychronous set or reset. This may cause corruption of the memory contents and/or read values when the set/reset is asserted and is not analyzed by the default static timing analysis. It is suggested to eliminate the use of a set/reset to registers driving this RAMB pin or else use a synchronous reset in which the assertion of the reset is timed by default.
Related violations: <none>

REQP-1840#16 Warning
RAMB18 async control check  
The RAMB18E1 system_i/DisparityV0_ip_0/U0/u_DisparityV0_ip_dut_inst/u_DisparityV0_ip_src_DisparityV0/u_ct/u_LB_D/u_ShiftRegisterRAM_generic/ram_reg has an input control pin system_i/DisparityV0_ip_0/U0/u_DisparityV0_ip_dut_inst/u_DisparityV0_ip_src_DisparityV0/u_ct/u_LB_D/u_ShiftRegisterRAM_generic/ram_reg/ADDRBWRADDR[5] (net: system_i/DisparityV0_ip_0/U0/u_DisparityV0_ip_dut_inst/u_DisparityV0_ip_src_DisparityV0/u_ct/u_LB_D/u_ShiftRegisterRAM_generic/ram_reg_1[1]) which is driven by a register (system_i/DisparityV0_ip_0/U0/u_DisparityV0_ip_dut_inst/u_DisparityV0_ip_src_DisparityV0/u_ct/u_LB_D/Line_Buffer_Horiz1_raddr_reg[1]) that has an active asychronous set or reset. This may cause corruption of the memory contents and/or read values when the set/reset is asserted and is not analyzed by the default static timing analysis. It is suggested to eliminate the use of a set/reset to registers driving this RAMB pin or else use a synchronous reset in which the assertion of the reset is timed by default.
Related violations: <none>

REQP-1840#17 Warning
RAMB18 async control check  
The RAMB18E1 system_i/DisparityV0_ip_0/U0/u_DisparityV0_ip_dut_inst/u_DisparityV0_ip_src_DisparityV0/u_ct/u_LB_D/u_ShiftRegisterRAM_generic/ram_reg has an input control pin system_i/DisparityV0_ip_0/U0/u_DisparityV0_ip_dut_inst/u_DisparityV0_ip_src_DisparityV0/u_ct/u_LB_D/u_ShiftRegisterRAM_generic/ram_reg/ADDRBWRADDR[6] (net: system_i/DisparityV0_ip_0/U0/u_DisparityV0_ip_dut_inst/u_DisparityV0_ip_src_DisparityV0/u_ct/u_LB_D/u_ShiftRegisterRAM_generic/ram_reg_1[2]) which is driven by a register (system_i/DisparityV0_ip_0/U0/u_DisparityV0_ip_dut_inst/u_DisparityV0_ip_src_DisparityV0/u_ct/u_LB_D/Line_Buffer_Horiz1_raddr_reg[2]) that has an active asychronous set or reset. This may cause corruption of the memory contents and/or read values when the set/reset is asserted and is not analyzed by the default static timing analysis. It is suggested to eliminate the use of a set/reset to registers driving this RAMB pin or else use a synchronous reset in which the assertion of the reset is timed by default.
Related violations: <none>

REQP-1840#18 Warning
RAMB18 async control check  
The RAMB18E1 system_i/DisparityV0_ip_0/U0/u_DisparityV0_ip_dut_inst/u_DisparityV0_ip_src_DisparityV0/u_ct/u_LB_D/u_ShiftRegisterRAM_generic/ram_reg has an input control pin system_i/DisparityV0_ip_0/U0/u_DisparityV0_ip_dut_inst/u_DisparityV0_ip_src_DisparityV0/u_ct/u_LB_D/u_ShiftRegisterRAM_generic/ram_reg/ADDRBWRADDR[7] (net: system_i/DisparityV0_ip_0/U0/u_DisparityV0_ip_dut_inst/u_DisparityV0_ip_src_DisparityV0/u_ct/u_LB_D/u_ShiftRegisterRAM_generic/ram_reg_1[3]) which is driven by a register (system_i/DisparityV0_ip_0/U0/u_DisparityV0_ip_dut_inst/u_DisparityV0_ip_src_DisparityV0/u_ct/u_LB_D/Line_Buffer_Horiz1_raddr_reg[3]) that has an active asychronous set or reset. This may cause corruption of the memory contents and/or read values when the set/reset is asserted and is not analyzed by the default static timing analysis. It is suggested to eliminate the use of a set/reset to registers driving this RAMB pin or else use a synchronous reset in which the assertion of the reset is timed by default.
Related violations: <none>

REQP-1840#19 Warning
RAMB18 async control check  
The RAMB18E1 system_i/DisparityV0_ip_0/U0/u_DisparityV0_ip_dut_inst/u_DisparityV0_ip_src_DisparityV0/u_ct/u_LB_D/u_ShiftRegisterRAM_generic/ram_reg has an input control pin system_i/DisparityV0_ip_0/U0/u_DisparityV0_ip_dut_inst/u_DisparityV0_ip_src_DisparityV0/u_ct/u_LB_D/u_ShiftRegisterRAM_generic/ram_reg/ADDRBWRADDR[8] (net: system_i/DisparityV0_ip_0/U0/u_DisparityV0_ip_dut_inst/u_DisparityV0_ip_src_DisparityV0/u_ct/u_LB_D/u_ShiftRegisterRAM_generic/ram_reg_1[4]) which is driven by a register (system_i/DisparityV0_ip_0/U0/u_DisparityV0_ip_dut_inst/u_DisparityV0_ip_src_DisparityV0/u_ct/u_LB_D/Line_Buffer_Horiz1_raddr_reg[4]) that has an active asychronous set or reset. This may cause corruption of the memory contents and/or read values when the set/reset is asserted and is not analyzed by the default static timing analysis. It is suggested to eliminate the use of a set/reset to registers driving this RAMB pin or else use a synchronous reset in which the assertion of the reset is timed by default.
Related violations: <none>

REQP-1840#20 Warning
RAMB18 async control check  
The RAMB18E1 system_i/DisparityV0_ip_0/U0/u_DisparityV0_ip_dut_inst/u_DisparityV0_ip_src_DisparityV0/u_ct/u_LB_D/u_ShiftRegisterRAM_generic/ram_reg has an input control pin system_i/DisparityV0_ip_0/U0/u_DisparityV0_ip_dut_inst/u_DisparityV0_ip_src_DisparityV0/u_ct/u_LB_D/u_ShiftRegisterRAM_generic/ram_reg/ADDRBWRADDR[9] (net: system_i/DisparityV0_ip_0/U0/u_DisparityV0_ip_dut_inst/u_DisparityV0_ip_src_DisparityV0/u_ct/u_LB_D/u_ShiftRegisterRAM_generic/ram_reg_1[5]) which is driven by a register (system_i/DisparityV0_ip_0/U0/u_DisparityV0_ip_dut_inst/u_DisparityV0_ip_src_DisparityV0/u_ct/u_LB_D/Line_Buffer_Horiz1_raddr_reg[5]) that has an active asychronous set or reset. This may cause corruption of the memory contents and/or read values when the set/reset is asserted and is not analyzed by the default static timing analysis. It is suggested to eliminate the use of a set/reset to registers driving this RAMB pin or else use a synchronous reset in which the assertion of the reset is timed by default.
Related violations: <none>

RTSTAT-10#1 Warning
No routable loads  
33 net(s) have no routable loads. The problem bus(es) and/or net(s) are system_i/axi_mem_intercon/m00_couplers/auto_pc/inst/gen_axi4_axi3.axi3_conv_inst/USE_READ.USE_SPLIT_R.read_addr_inst/USE_R_CHANNEL.cmd_queue/inst/fifo_gen_inst/inst_fifo_gen/gconvfifo.rf/grf.rf/gntv_or_sync_fifo.gl0.rd/gr1.gr1_int.rfwft/aempty_fwft_i,
system_i/axi_mem_intercon/m00_couplers/auto_pc/inst/gen_axi4_axi3.axi3_conv_inst/USE_READ.USE_SPLIT_R.read_addr_inst/USE_R_CHANNEL.cmd_queue/inst/fifo_gen_inst/inst_fifo_gen/gconvfifo.rf/grf.rf/gntv_or_sync_fifo.gl0.rd/grss.rsts/ram_empty_i,
system_i/axi_mem_intercon/m00_couplers/auto_pc/inst/gen_axi4_axi3.axi3_conv_inst/USE_READ.USE_SPLIT_R.read_addr_inst/USE_R_CHANNEL.cmd_queue/inst/fifo_gen_inst/inst_fifo_gen/gconvfifo.rf/grf.rf/gntv_or_sync_fifo.gl0.wr/gwss.wsts/ram_afull_fb,
system_i/axi_mem_intercon/m00_couplers/auto_pc/inst/gen_axi4_axi3.axi3_conv_inst/USE_READ.USE_SPLIT_R.read_addr_inst/USE_R_CHANNEL.cmd_queue/inst/fifo_gen_inst/inst_fifo_gen/gconvfifo.rf/grf.rf/gntv_or_sync_fifo.gl0.wr/gwss.wsts/ram_afull_i,
system_i/axi_mem_intercon/m00_couplers/auto_pc/inst/gen_axi4_axi3.axi3_conv_inst/USE_READ.USE_SPLIT_R.read_addr_inst/USE_R_CHANNEL.cmd_queue/inst/fifo_gen_inst/inst_fifo_gen/gconvfifo.rf/grf.rf/rstblk/rd_rst_reg[2:0],
system_i/axi_mem_intercon/m00_couplers/auto_pc/inst/gen_axi4_axi3.axi3_conv_inst/USE_WRITE.write_addr_inst/USE_BURSTS.cmd_queue/inst/fifo_gen_inst/inst_fifo_gen/gconvfifo.rf/grf.rf/gntv_or_sync_fifo.gl0.rd/gr1.gr1_int.rfwft/aempty_fwft_i,
system_i/axi_mem_intercon/m00_couplers/auto_pc/inst/gen_axi4_axi3.axi3_conv_inst/USE_WRITE.write_addr_inst/USE_BURSTS.cmd_queue/inst/fifo_gen_inst/inst_fifo_gen/gconvfifo.rf/grf.rf/gntv_or_sync_fifo.gl0.rd/grss.rsts/ram_empty_i,
system_i/axi_mem_intercon/m00_couplers/auto_pc/inst/gen_axi4_axi3.axi3_conv_inst/USE_WRITE.write_addr_inst/USE_BURSTS.cmd_queue/inst/fifo_gen_inst/inst_fifo_gen/gconvfifo.rf/grf.rf/gntv_or_sync_fifo.gl0.wr/gwss.wsts/ram_afull_fb,
system_i/axi_mem_intercon/m00_couplers/auto_pc/inst/gen_axi4_axi3.axi3_conv_inst/USE_WRITE.write_addr_inst/USE_BURSTS.cmd_queue/inst/fifo_gen_inst/inst_fifo_gen/gconvfifo.rf/grf.rf/gntv_or_sync_fifo.gl0.wr/gwss.wsts/ram_afull_i,
system_i/axi_mem_intercon/m00_couplers/auto_pc/inst/gen_axi4_axi3.axi3_conv_inst/USE_WRITE.write_addr_inst/USE_BURSTS.cmd_queue/inst/fifo_gen_inst/inst_fifo_gen/gconvfifo.rf/grf.rf/rstblk/rd_rst_reg[2:0],
system_i/axi_mem_intercon/m00_couplers/auto_pc/inst/gen_axi4_axi3.axi3_conv_inst/USE_WRITE.write_addr_inst/USE_B_CHANNEL.cmd_b_queue/inst/fifo_gen_inst/inst_fifo_gen/gconvfifo.rf/grf.rf/gntv_or_sync_fifo.gl0.rd/gr1.gr1_int.rfwft/aempty_fwft_i,
system_i/axi_mem_intercon/m00_couplers/auto_pc/inst/gen_axi4_axi3.axi3_conv_inst/USE_WRITE.write_addr_inst/USE_B_CHANNEL.cmd_b_queue/inst/fifo_gen_inst/inst_fifo_gen/gconvfifo.rf/grf.rf/gntv_or_sync_fifo.gl0.rd/grss.rsts/ram_empty_i,
system_i/axi_mem_intercon/m00_couplers/auto_pc/inst/gen_axi4_axi3.axi3_conv_inst/USE_WRITE.write_addr_inst/USE_B_CHANNEL.cmd_b_queue/inst/fifo_gen_inst/inst_fifo_gen/gconvfifo.rf/grf.rf/gntv_or_sync_fifo.gl0.wr/gwss.wsts/ram_afull_fb,
system_i/axi_mem_intercon/m00_couplers/auto_pc/inst/gen_axi4_axi3.axi3_conv_inst/USE_WRITE.write_addr_inst/USE_B_CHANNEL.cmd_b_queue/inst/fifo_gen_inst/inst_fifo_gen/gconvfifo.rf/grf.rf/gntv_or_sync_fifo.gl0.wr/gwss.wsts/ram_afull_i,
system_i/axi_mem_intercon/m00_couplers/auto_pc/inst/gen_axi4_axi3.axi3_conv_inst/USE_WRITE.write_addr_inst/USE_B_CHANNEL.cmd_b_queue/inst/fifo_gen_inst/inst_fifo_gen/gconvfifo.rf/grf.rf/rstblk/rd_rst_reg[2:0]
 (the first 15 of 21 listed).
Related violations: <none>

REQP-165#1 Advisory
writefirst  
Synchronous clocking is detected for BRAM (system_i/axi_vdma_0/U0/I_PRMRY_DATAMOVER/GEN_S2MM_FULL.I_S2MM_FULL_WRAPPER/GEN_ENABLE_INDET_BTT_SF.I_INDET_BTT/I_DATA_FIFO/BLK_MEM.I_SYNC_FIFOGEN_FIFO/xpm_fifo_instance.xpm_fifo_sync_inst/xpm_fifo_base_inst/gen_sdpram.xpm_memory_base_inst/gen_wr_a.gen_word_narrow.mem_reg) in SDP mode with WRITE_FIRST write-mode. This is the preferred mode for best power characteristics, however it may exhibit address collisions if the same address appears on both read and write ports resulting in unknown or corrupted read data. It is suggested to confirm via simulation that an address collision never occurs and if so it is suggested to try and avoid this situation. If address collisions cannot be avoided, the write-mode may be set to READ_FIRST which guarantees that the read data is the prior contents of the memory at the cost of additional power in the design. See the FPGA Memory Resources User Guide for additional information.
Related violations: <none>


