Copyright 1986-2020 Xilinx, Inc. All Rights Reserved.
--------------------------------------------------------------------------------------------------------------------------------------------------------------------------------
| Tool Version : Vivado v.2020.2 (win64) Build 3064766 Wed Nov 18 09:12:45 MST 2020
| Date         : Tue Apr 13 20:21:01 2021
| Host         : WINDOWS-8GTKTJU running 64-bit major release  (build 9200)
| Command      : report_methodology -file system_wrapper_methodology_drc_routed.rpt -pb system_wrapper_methodology_drc_routed.pb -rpx system_wrapper_methodology_drc_routed.rpx
| Design       : system_wrapper
| Device       : xc7z020clg484-1
| Speed File   : -1
| Design State : Fully Routed
--------------------------------------------------------------------------------------------------------------------------------------------------------------------------------

Report Methodology

Table of Contents
-----------------
1. REPORT SUMMARY
2. REPORT DETAILS

1. REPORT SUMMARY
-----------------
            Netlist: netlist
          Floorplan: design_1
      Design limits: <entire design considered>
             Max violations: <unlimited>
             Violations found: 49
+-----------+----------+-------------------------------+------------+
| Rule      | Severity | Description                   | Violations |
+-----------+----------+-------------------------------+------------+
| DPIR-1    | Warning  | Asynchronous driver check     | 24         |
| LUTAR-1   | Warning  | LUT drives async reset alert  | 4          |
| TIMING-18 | Warning  | Missing input or output delay | 21         |
+-----------+----------+-------------------------------+------------+

2. REPORT DETAILS
-----------------
DPIR-1#1 Warning
Asynchronous driver check  
DSP system_i/RGB2Gray_ip_0/inst/u_RGB2Gray_ip_dut_inst/u_RGB2Gray_ip_src_RGB2Gray_HW/u_Color_Space_Converter/u_rgb2intensityNet_inst/multiOut1 input pin system_i/RGB2Gray_ip_0/inst/u_RGB2Gray_ip_dut_inst/u_RGB2Gray_ip_src_RGB2Gray_HW/u_Color_Space_Converter/u_rgb2intensityNet_inst/multiOut1/A[0] is connected to registers with an asynchronous reset. This is preventing the possibility of merging these registers in to the DSP Block since the DSP block registers only possess synchronous reset capability.  It is suggested to recode or change these registers to remove the reset or use a synchronous reset to get the best optimization for performance, power and area.
Related violations: <none>

DPIR-1#2 Warning
Asynchronous driver check  
DSP system_i/RGB2Gray_ip_0/inst/u_RGB2Gray_ip_dut_inst/u_RGB2Gray_ip_src_RGB2Gray_HW/u_Color_Space_Converter/u_rgb2intensityNet_inst/multiOut1 input pin system_i/RGB2Gray_ip_0/inst/u_RGB2Gray_ip_dut_inst/u_RGB2Gray_ip_src_RGB2Gray_HW/u_Color_Space_Converter/u_rgb2intensityNet_inst/multiOut1/A[1] is connected to registers with an asynchronous reset. This is preventing the possibility of merging these registers in to the DSP Block since the DSP block registers only possess synchronous reset capability.  It is suggested to recode or change these registers to remove the reset or use a synchronous reset to get the best optimization for performance, power and area.
Related violations: <none>

DPIR-1#3 Warning
Asynchronous driver check  
DSP system_i/RGB2Gray_ip_0/inst/u_RGB2Gray_ip_dut_inst/u_RGB2Gray_ip_src_RGB2Gray_HW/u_Color_Space_Converter/u_rgb2intensityNet_inst/multiOut1 input pin system_i/RGB2Gray_ip_0/inst/u_RGB2Gray_ip_dut_inst/u_RGB2Gray_ip_src_RGB2Gray_HW/u_Color_Space_Converter/u_rgb2intensityNet_inst/multiOut1/A[2] is connected to registers with an asynchronous reset. This is preventing the possibility of merging these registers in to the DSP Block since the DSP block registers only possess synchronous reset capability.  It is suggested to recode or change these registers to remove the reset or use a synchronous reset to get the best optimization for performance, power and area.
Related violations: <none>

DPIR-1#4 Warning
Asynchronous driver check  
DSP system_i/RGB2Gray_ip_0/inst/u_RGB2Gray_ip_dut_inst/u_RGB2Gray_ip_src_RGB2Gray_HW/u_Color_Space_Converter/u_rgb2intensityNet_inst/multiOut1 input pin system_i/RGB2Gray_ip_0/inst/u_RGB2Gray_ip_dut_inst/u_RGB2Gray_ip_src_RGB2Gray_HW/u_Color_Space_Converter/u_rgb2intensityNet_inst/multiOut1/A[3] is connected to registers with an asynchronous reset. This is preventing the possibility of merging these registers in to the DSP Block since the DSP block registers only possess synchronous reset capability.  It is suggested to recode or change these registers to remove the reset or use a synchronous reset to get the best optimization for performance, power and area.
Related violations: <none>

DPIR-1#5 Warning
Asynchronous driver check  
DSP system_i/RGB2Gray_ip_0/inst/u_RGB2Gray_ip_dut_inst/u_RGB2Gray_ip_src_RGB2Gray_HW/u_Color_Space_Converter/u_rgb2intensityNet_inst/multiOut1 input pin system_i/RGB2Gray_ip_0/inst/u_RGB2Gray_ip_dut_inst/u_RGB2Gray_ip_src_RGB2Gray_HW/u_Color_Space_Converter/u_rgb2intensityNet_inst/multiOut1/A[4] is connected to registers with an asynchronous reset. This is preventing the possibility of merging these registers in to the DSP Block since the DSP block registers only possess synchronous reset capability.  It is suggested to recode or change these registers to remove the reset or use a synchronous reset to get the best optimization for performance, power and area.
Related violations: <none>

DPIR-1#6 Warning
Asynchronous driver check  
DSP system_i/RGB2Gray_ip_0/inst/u_RGB2Gray_ip_dut_inst/u_RGB2Gray_ip_src_RGB2Gray_HW/u_Color_Space_Converter/u_rgb2intensityNet_inst/multiOut1 input pin system_i/RGB2Gray_ip_0/inst/u_RGB2Gray_ip_dut_inst/u_RGB2Gray_ip_src_RGB2Gray_HW/u_Color_Space_Converter/u_rgb2intensityNet_inst/multiOut1/A[5] is connected to registers with an asynchronous reset. This is preventing the possibility of merging these registers in to the DSP Block since the DSP block registers only possess synchronous reset capability.  It is suggested to recode or change these registers to remove the reset or use a synchronous reset to get the best optimization for performance, power and area.
Related violations: <none>

DPIR-1#7 Warning
Asynchronous driver check  
DSP system_i/RGB2Gray_ip_0/inst/u_RGB2Gray_ip_dut_inst/u_RGB2Gray_ip_src_RGB2Gray_HW/u_Color_Space_Converter/u_rgb2intensityNet_inst/multiOut1 input pin system_i/RGB2Gray_ip_0/inst/u_RGB2Gray_ip_dut_inst/u_RGB2Gray_ip_src_RGB2Gray_HW/u_Color_Space_Converter/u_rgb2intensityNet_inst/multiOut1/A[6] is connected to registers with an asynchronous reset. This is preventing the possibility of merging these registers in to the DSP Block since the DSP block registers only possess synchronous reset capability.  It is suggested to recode or change these registers to remove the reset or use a synchronous reset to get the best optimization for performance, power and area.
Related violations: <none>

DPIR-1#8 Warning
Asynchronous driver check  
DSP system_i/RGB2Gray_ip_0/inst/u_RGB2Gray_ip_dut_inst/u_RGB2Gray_ip_src_RGB2Gray_HW/u_Color_Space_Converter/u_rgb2intensityNet_inst/multiOut1 input pin system_i/RGB2Gray_ip_0/inst/u_RGB2Gray_ip_dut_inst/u_RGB2Gray_ip_src_RGB2Gray_HW/u_Color_Space_Converter/u_rgb2intensityNet_inst/multiOut1/A[7] is connected to registers with an asynchronous reset. This is preventing the possibility of merging these registers in to the DSP Block since the DSP block registers only possess synchronous reset capability.  It is suggested to recode or change these registers to remove the reset or use a synchronous reset to get the best optimization for performance, power and area.
Related violations: <none>

DPIR-1#9 Warning
Asynchronous driver check  
DSP system_i/RGB2Gray_ip_0/inst/u_RGB2Gray_ip_dut_inst/u_RGB2Gray_ip_src_RGB2Gray_HW/u_Color_Space_Converter/u_rgb2intensityNet_inst/multiOut2 input pin system_i/RGB2Gray_ip_0/inst/u_RGB2Gray_ip_dut_inst/u_RGB2Gray_ip_src_RGB2Gray_HW/u_Color_Space_Converter/u_rgb2intensityNet_inst/multiOut2/A[0] is connected to registers with an asynchronous reset. This is preventing the possibility of merging these registers in to the DSP Block since the DSP block registers only possess synchronous reset capability.  It is suggested to recode or change these registers to remove the reset or use a synchronous reset to get the best optimization for performance, power and area.
Related violations: <none>

DPIR-1#10 Warning
Asynchronous driver check  
DSP system_i/RGB2Gray_ip_0/inst/u_RGB2Gray_ip_dut_inst/u_RGB2Gray_ip_src_RGB2Gray_HW/u_Color_Space_Converter/u_rgb2intensityNet_inst/multiOut2 input pin system_i/RGB2Gray_ip_0/inst/u_RGB2Gray_ip_dut_inst/u_RGB2Gray_ip_src_RGB2Gray_HW/u_Color_Space_Converter/u_rgb2intensityNet_inst/multiOut2/A[1] is connected to registers with an asynchronous reset. This is preventing the possibility of merging these registers in to the DSP Block since the DSP block registers only possess synchronous reset capability.  It is suggested to recode or change these registers to remove the reset or use a synchronous reset to get the best optimization for performance, power and area.
Related violations: <none>

DPIR-1#11 Warning
Asynchronous driver check  
DSP system_i/RGB2Gray_ip_0/inst/u_RGB2Gray_ip_dut_inst/u_RGB2Gray_ip_src_RGB2Gray_HW/u_Color_Space_Converter/u_rgb2intensityNet_inst/multiOut2 input pin system_i/RGB2Gray_ip_0/inst/u_RGB2Gray_ip_dut_inst/u_RGB2Gray_ip_src_RGB2Gray_HW/u_Color_Space_Converter/u_rgb2intensityNet_inst/multiOut2/A[2] is connected to registers with an asynchronous reset. This is preventing the possibility of merging these registers in to the DSP Block since the DSP block registers only possess synchronous reset capability.  It is suggested to recode or change these registers to remove the reset or use a synchronous reset to get the best optimization for performance, power and area.
Related violations: <none>

DPIR-1#12 Warning
Asynchronous driver check  
DSP system_i/RGB2Gray_ip_0/inst/u_RGB2Gray_ip_dut_inst/u_RGB2Gray_ip_src_RGB2Gray_HW/u_Color_Space_Converter/u_rgb2intensityNet_inst/multiOut2 input pin system_i/RGB2Gray_ip_0/inst/u_RGB2Gray_ip_dut_inst/u_RGB2Gray_ip_src_RGB2Gray_HW/u_Color_Space_Converter/u_rgb2intensityNet_inst/multiOut2/A[3] is connected to registers with an asynchronous reset. This is preventing the possibility of merging these registers in to the DSP Block since the DSP block registers only possess synchronous reset capability.  It is suggested to recode or change these registers to remove the reset or use a synchronous reset to get the best optimization for performance, power and area.
Related violations: <none>

DPIR-1#13 Warning
Asynchronous driver check  
DSP system_i/RGB2Gray_ip_0/inst/u_RGB2Gray_ip_dut_inst/u_RGB2Gray_ip_src_RGB2Gray_HW/u_Color_Space_Converter/u_rgb2intensityNet_inst/multiOut2 input pin system_i/RGB2Gray_ip_0/inst/u_RGB2Gray_ip_dut_inst/u_RGB2Gray_ip_src_RGB2Gray_HW/u_Color_Space_Converter/u_rgb2intensityNet_inst/multiOut2/A[4] is connected to registers with an asynchronous reset. This is preventing the possibility of merging these registers in to the DSP Block since the DSP block registers only possess synchronous reset capability.  It is suggested to recode or change these registers to remove the reset or use a synchronous reset to get the best optimization for performance, power and area.
Related violations: <none>

DPIR-1#14 Warning
Asynchronous driver check  
DSP system_i/RGB2Gray_ip_0/inst/u_RGB2Gray_ip_dut_inst/u_RGB2Gray_ip_src_RGB2Gray_HW/u_Color_Space_Converter/u_rgb2intensityNet_inst/multiOut2 input pin system_i/RGB2Gray_ip_0/inst/u_RGB2Gray_ip_dut_inst/u_RGB2Gray_ip_src_RGB2Gray_HW/u_Color_Space_Converter/u_rgb2intensityNet_inst/multiOut2/A[5] is connected to registers with an asynchronous reset. This is preventing the possibility of merging these registers in to the DSP Block since the DSP block registers only possess synchronous reset capability.  It is suggested to recode or change these registers to remove the reset or use a synchronous reset to get the best optimization for performance, power and area.
Related violations: <none>

DPIR-1#15 Warning
Asynchronous driver check  
DSP system_i/RGB2Gray_ip_0/inst/u_RGB2Gray_ip_dut_inst/u_RGB2Gray_ip_src_RGB2Gray_HW/u_Color_Space_Converter/u_rgb2intensityNet_inst/multiOut2 input pin system_i/RGB2Gray_ip_0/inst/u_RGB2Gray_ip_dut_inst/u_RGB2Gray_ip_src_RGB2Gray_HW/u_Color_Space_Converter/u_rgb2intensityNet_inst/multiOut2/A[6] is connected to registers with an asynchronous reset. This is preventing the possibility of merging these registers in to the DSP Block since the DSP block registers only possess synchronous reset capability.  It is suggested to recode or change these registers to remove the reset or use a synchronous reset to get the best optimization for performance, power and area.
Related violations: <none>

DPIR-1#16 Warning
Asynchronous driver check  
DSP system_i/RGB2Gray_ip_0/inst/u_RGB2Gray_ip_dut_inst/u_RGB2Gray_ip_src_RGB2Gray_HW/u_Color_Space_Converter/u_rgb2intensityNet_inst/multiOut2 input pin system_i/RGB2Gray_ip_0/inst/u_RGB2Gray_ip_dut_inst/u_RGB2Gray_ip_src_RGB2Gray_HW/u_Color_Space_Converter/u_rgb2intensityNet_inst/multiOut2/A[7] is connected to registers with an asynchronous reset. This is preventing the possibility of merging these registers in to the DSP Block since the DSP block registers only possess synchronous reset capability.  It is suggested to recode or change these registers to remove the reset or use a synchronous reset to get the best optimization for performance, power and area.
Related violations: <none>

DPIR-1#17 Warning
Asynchronous driver check  
DSP system_i/RGB2Gray_ip_0/inst/u_RGB2Gray_ip_dut_inst/u_RGB2Gray_ip_src_RGB2Gray_HW/u_Color_Space_Converter/u_rgb2intensityNet_inst/multiOut3 input pin system_i/RGB2Gray_ip_0/inst/u_RGB2Gray_ip_dut_inst/u_RGB2Gray_ip_src_RGB2Gray_HW/u_Color_Space_Converter/u_rgb2intensityNet_inst/multiOut3/A[0] is connected to registers with an asynchronous reset. This is preventing the possibility of merging these registers in to the DSP Block since the DSP block registers only possess synchronous reset capability.  It is suggested to recode or change these registers to remove the reset or use a synchronous reset to get the best optimization for performance, power and area.
Related violations: <none>

DPIR-1#18 Warning
Asynchronous driver check  
DSP system_i/RGB2Gray_ip_0/inst/u_RGB2Gray_ip_dut_inst/u_RGB2Gray_ip_src_RGB2Gray_HW/u_Color_Space_Converter/u_rgb2intensityNet_inst/multiOut3 input pin system_i/RGB2Gray_ip_0/inst/u_RGB2Gray_ip_dut_inst/u_RGB2Gray_ip_src_RGB2Gray_HW/u_Color_Space_Converter/u_rgb2intensityNet_inst/multiOut3/A[1] is connected to registers with an asynchronous reset. This is preventing the possibility of merging these registers in to the DSP Block since the DSP block registers only possess synchronous reset capability.  It is suggested to recode or change these registers to remove the reset or use a synchronous reset to get the best optimization for performance, power and area.
Related violations: <none>

DPIR-1#19 Warning
Asynchronous driver check  
DSP system_i/RGB2Gray_ip_0/inst/u_RGB2Gray_ip_dut_inst/u_RGB2Gray_ip_src_RGB2Gray_HW/u_Color_Space_Converter/u_rgb2intensityNet_inst/multiOut3 input pin system_i/RGB2Gray_ip_0/inst/u_RGB2Gray_ip_dut_inst/u_RGB2Gray_ip_src_RGB2Gray_HW/u_Color_Space_Converter/u_rgb2intensityNet_inst/multiOut3/A[2] is connected to registers with an asynchronous reset. This is preventing the possibility of merging these registers in to the DSP Block since the DSP block registers only possess synchronous reset capability.  It is suggested to recode or change these registers to remove the reset or use a synchronous reset to get the best optimization for performance, power and area.
Related violations: <none>

DPIR-1#20 Warning
Asynchronous driver check  
DSP system_i/RGB2Gray_ip_0/inst/u_RGB2Gray_ip_dut_inst/u_RGB2Gray_ip_src_RGB2Gray_HW/u_Color_Space_Converter/u_rgb2intensityNet_inst/multiOut3 input pin system_i/RGB2Gray_ip_0/inst/u_RGB2Gray_ip_dut_inst/u_RGB2Gray_ip_src_RGB2Gray_HW/u_Color_Space_Converter/u_rgb2intensityNet_inst/multiOut3/A[3] is connected to registers with an asynchronous reset. This is preventing the possibility of merging these registers in to the DSP Block since the DSP block registers only possess synchronous reset capability.  It is suggested to recode or change these registers to remove the reset or use a synchronous reset to get the best optimization for performance, power and area.
Related violations: <none>

DPIR-1#21 Warning
Asynchronous driver check  
DSP system_i/RGB2Gray_ip_0/inst/u_RGB2Gray_ip_dut_inst/u_RGB2Gray_ip_src_RGB2Gray_HW/u_Color_Space_Converter/u_rgb2intensityNet_inst/multiOut3 input pin system_i/RGB2Gray_ip_0/inst/u_RGB2Gray_ip_dut_inst/u_RGB2Gray_ip_src_RGB2Gray_HW/u_Color_Space_Converter/u_rgb2intensityNet_inst/multiOut3/A[4] is connected to registers with an asynchronous reset. This is preventing the possibility of merging these registers in to the DSP Block since the DSP block registers only possess synchronous reset capability.  It is suggested to recode or change these registers to remove the reset or use a synchronous reset to get the best optimization for performance, power and area.
Related violations: <none>

DPIR-1#22 Warning
Asynchronous driver check  
DSP system_i/RGB2Gray_ip_0/inst/u_RGB2Gray_ip_dut_inst/u_RGB2Gray_ip_src_RGB2Gray_HW/u_Color_Space_Converter/u_rgb2intensityNet_inst/multiOut3 input pin system_i/RGB2Gray_ip_0/inst/u_RGB2Gray_ip_dut_inst/u_RGB2Gray_ip_src_RGB2Gray_HW/u_Color_Space_Converter/u_rgb2intensityNet_inst/multiOut3/A[5] is connected to registers with an asynchronous reset. This is preventing the possibility of merging these registers in to the DSP Block since the DSP block registers only possess synchronous reset capability.  It is suggested to recode or change these registers to remove the reset or use a synchronous reset to get the best optimization for performance, power and area.
Related violations: <none>

DPIR-1#23 Warning
Asynchronous driver check  
DSP system_i/RGB2Gray_ip_0/inst/u_RGB2Gray_ip_dut_inst/u_RGB2Gray_ip_src_RGB2Gray_HW/u_Color_Space_Converter/u_rgb2intensityNet_inst/multiOut3 input pin system_i/RGB2Gray_ip_0/inst/u_RGB2Gray_ip_dut_inst/u_RGB2Gray_ip_src_RGB2Gray_HW/u_Color_Space_Converter/u_rgb2intensityNet_inst/multiOut3/A[6] is connected to registers with an asynchronous reset. This is preventing the possibility of merging these registers in to the DSP Block since the DSP block registers only possess synchronous reset capability.  It is suggested to recode or change these registers to remove the reset or use a synchronous reset to get the best optimization for performance, power and area.
Related violations: <none>

DPIR-1#24 Warning
Asynchronous driver check  
DSP system_i/RGB2Gray_ip_0/inst/u_RGB2Gray_ip_dut_inst/u_RGB2Gray_ip_src_RGB2Gray_HW/u_Color_Space_Converter/u_rgb2intensityNet_inst/multiOut3 input pin system_i/RGB2Gray_ip_0/inst/u_RGB2Gray_ip_dut_inst/u_RGB2Gray_ip_src_RGB2Gray_HW/u_Color_Space_Converter/u_rgb2intensityNet_inst/multiOut3/A[7] is connected to registers with an asynchronous reset. This is preventing the possibility of merging these registers in to the DSP Block since the DSP block registers only possess synchronous reset capability.  It is suggested to recode or change these registers to remove the reset or use a synchronous reset to get the best optimization for performance, power and area.
Related violations: <none>

LUTAR-1#1 Warning
LUT drives async reset alert  
LUT cell system_i/RGB2Gray_ip_0/inst/u_RGB2Gray_ip_axi_lite_inst/u_RGB2Gray_ip_axi_lite_module_inst/reset_out_1_i_1, with 2 or more inputs, drives asynchronous preset/clear pin(s) system_i/RGB2Gray_ip_0/inst/u_RGB2Gray_ip_reset_sync_inst/reset_out_1_reg/PRE
system_i/RGB2Gray_ip_0/inst/u_RGB2Gray_ip_reset_sync_inst/reset_pipe_reg/PRE. The LUT may glitch and trigger an unexpected reset, even if it is a properly timed path.
Related violations: <none>

LUTAR-1#2 Warning
LUT drives async reset alert  
LUT cell system_i/axi_mem_intercon/m00_couplers/auto_pc/inst/gen_axi4_axi3.axi3_conv_inst/USE_READ.USE_SPLIT_R.read_addr_inst/USE_R_CHANNEL.cmd_queue/inst/fifo_gen_inst/inst_fifo_gen/gconvfifo.rf/grf.rf/rstblk/gpregsm1.curr_fwft_state[1]_i_2, with 2 or more inputs, drives asynchronous preset/clear pin(s) system_i/axi_mem_intercon/m00_couplers/auto_pc/inst/gen_axi4_axi3.axi3_conv_inst/USE_READ.USE_SPLIT_R.read_addr_inst/USE_R_CHANNEL.cmd_queue/inst/fifo_gen_inst/inst_fifo_gen/gconvfifo.rf/grf.rf/gntv_or_sync_fifo.gl0.rd/gr1.gr1_int.rfwft/aempty_fwft_fb_i_reg/PRE,
system_i/axi_mem_intercon/m00_couplers/auto_pc/inst/gen_axi4_axi3.axi3_conv_inst/USE_READ.USE_SPLIT_R.read_addr_inst/USE_R_CHANNEL.cmd_queue/inst/fifo_gen_inst/inst_fifo_gen/gconvfifo.rf/grf.rf/gntv_or_sync_fifo.gl0.rd/gr1.gr1_int.rfwft/aempty_fwft_i_reg/PRE,
system_i/axi_mem_intercon/m00_couplers/auto_pc/inst/gen_axi4_axi3.axi3_conv_inst/USE_READ.USE_SPLIT_R.read_addr_inst/USE_R_CHANNEL.cmd_queue/inst/fifo_gen_inst/inst_fifo_gen/gconvfifo.rf/grf.rf/gntv_or_sync_fifo.gl0.rd/gr1.gr1_int.rfwft/empty_fwft_fb_i_reg/PRE,
system_i/axi_mem_intercon/m00_couplers/auto_pc/inst/gen_axi4_axi3.axi3_conv_inst/USE_READ.USE_SPLIT_R.read_addr_inst/USE_R_CHANNEL.cmd_queue/inst/fifo_gen_inst/inst_fifo_gen/gconvfifo.rf/grf.rf/gntv_or_sync_fifo.gl0.rd/gr1.gr1_int.rfwft/empty_fwft_fb_o_i_reg/PRE,
system_i/axi_mem_intercon/m00_couplers/auto_pc/inst/gen_axi4_axi3.axi3_conv_inst/USE_READ.USE_SPLIT_R.read_addr_inst/USE_R_CHANNEL.cmd_queue/inst/fifo_gen_inst/inst_fifo_gen/gconvfifo.rf/grf.rf/gntv_or_sync_fifo.gl0.rd/gr1.gr1_int.rfwft/empty_fwft_i_reg/PRE,
system_i/axi_mem_intercon/m00_couplers/auto_pc/inst/gen_axi4_axi3.axi3_conv_inst/USE_READ.USE_SPLIT_R.read_addr_inst/USE_R_CHANNEL.cmd_queue/inst/fifo_gen_inst/inst_fifo_gen/gconvfifo.rf/grf.rf/gntv_or_sync_fifo.gl0.rd/gr1.gr1_int.rfwft/gpregsm1.curr_fwft_state_reg[0]/CLR,
system_i/axi_mem_intercon/m00_couplers/auto_pc/inst/gen_axi4_axi3.axi3_conv_inst/USE_READ.USE_SPLIT_R.read_addr_inst/USE_R_CHANNEL.cmd_queue/inst/fifo_gen_inst/inst_fifo_gen/gconvfifo.rf/grf.rf/gntv_or_sync_fifo.gl0.rd/gr1.gr1_int.rfwft/gpregsm1.curr_fwft_state_reg[1]/CLR,
system_i/axi_mem_intercon/m00_couplers/auto_pc/inst/gen_axi4_axi3.axi3_conv_inst/USE_READ.USE_SPLIT_R.read_addr_inst/USE_R_CHANNEL.cmd_queue/inst/fifo_gen_inst/inst_fifo_gen/gconvfifo.rf/grf.rf/gntv_or_sync_fifo.gl0.rd/gr1.gr1_int.rfwft/gpregsm1.user_valid_reg/CLR,
system_i/axi_mem_intercon/m00_couplers/auto_pc/inst/gen_axi4_axi3.axi3_conv_inst/USE_READ.USE_SPLIT_R.read_addr_inst/USE_R_CHANNEL.cmd_queue/inst/fifo_gen_inst/inst_fifo_gen/gconvfifo.rf/grf.rf/gntv_or_sync_fifo.gl0.rd/grss.rsts/ram_empty_fb_i_reg/PRE,
system_i/axi_mem_intercon/m00_couplers/auto_pc/inst/gen_axi4_axi3.axi3_conv_inst/USE_READ.USE_SPLIT_R.read_addr_inst/USE_R_CHANNEL.cmd_queue/inst/fifo_gen_inst/inst_fifo_gen/gconvfifo.rf/grf.rf/gntv_or_sync_fifo.gl0.rd/grss.rsts/ram_empty_i_reg/PRE,
system_i/axi_mem_intercon/m00_couplers/auto_pc/inst/gen_axi4_axi3.axi3_conv_inst/USE_READ.USE_SPLIT_R.read_addr_inst/USE_R_CHANNEL.cmd_queue/inst/fifo_gen_inst/inst_fifo_gen/gconvfifo.rf/grf.rf/gntv_or_sync_fifo.gl0.rd/rpntr/gc0.count_d1_reg[0]/CLR,
system_i/axi_mem_intercon/m00_couplers/auto_pc/inst/gen_axi4_axi3.axi3_conv_inst/USE_READ.USE_SPLIT_R.read_addr_inst/USE_R_CHANNEL.cmd_queue/inst/fifo_gen_inst/inst_fifo_gen/gconvfifo.rf/grf.rf/gntv_or_sync_fifo.gl0.rd/rpntr/gc0.count_d1_reg[1]/CLR,
system_i/axi_mem_intercon/m00_couplers/auto_pc/inst/gen_axi4_axi3.axi3_conv_inst/USE_READ.USE_SPLIT_R.read_addr_inst/USE_R_CHANNEL.cmd_queue/inst/fifo_gen_inst/inst_fifo_gen/gconvfifo.rf/grf.rf/gntv_or_sync_fifo.gl0.rd/rpntr/gc0.count_d1_reg[2]/CLR,
system_i/axi_mem_intercon/m00_couplers/auto_pc/inst/gen_axi4_axi3.axi3_conv_inst/USE_READ.USE_SPLIT_R.read_addr_inst/USE_R_CHANNEL.cmd_queue/inst/fifo_gen_inst/inst_fifo_gen/gconvfifo.rf/grf.rf/gntv_or_sync_fifo.gl0.rd/rpntr/gc0.count_d1_reg[3]/CLR,
system_i/axi_mem_intercon/m00_couplers/auto_pc/inst/gen_axi4_axi3.axi3_conv_inst/USE_READ.USE_SPLIT_R.read_addr_inst/USE_R_CHANNEL.cmd_queue/inst/fifo_gen_inst/inst_fifo_gen/gconvfifo.rf/grf.rf/gntv_or_sync_fifo.gl0.rd/rpntr/gc0.count_d1_reg[4]/CLR
 (the first 15 of 32 listed). The LUT may glitch and trigger an unexpected reset, even if it is a properly timed path.
Related violations: <none>

LUTAR-1#3 Warning
LUT drives async reset alert  
LUT cell system_i/axi_mem_intercon/m00_couplers/auto_pc/inst/gen_axi4_axi3.axi3_conv_inst/USE_WRITE.write_addr_inst/USE_BURSTS.cmd_queue/inst/fifo_gen_inst/inst_fifo_gen/gconvfifo.rf/grf.rf/rstblk/gpregsm1.curr_fwft_state[1]_i_2, with 2 or more inputs, drives asynchronous preset/clear pin(s) system_i/axi_mem_intercon/m00_couplers/auto_pc/inst/gen_axi4_axi3.axi3_conv_inst/USE_WRITE.write_addr_inst/USE_BURSTS.cmd_queue/inst/fifo_gen_inst/inst_fifo_gen/gconvfifo.rf/grf.rf/gntv_or_sync_fifo.gl0.rd/gr1.gr1_int.rfwft/aempty_fwft_fb_i_reg/PRE,
system_i/axi_mem_intercon/m00_couplers/auto_pc/inst/gen_axi4_axi3.axi3_conv_inst/USE_WRITE.write_addr_inst/USE_BURSTS.cmd_queue/inst/fifo_gen_inst/inst_fifo_gen/gconvfifo.rf/grf.rf/gntv_or_sync_fifo.gl0.rd/gr1.gr1_int.rfwft/aempty_fwft_i_reg/PRE,
system_i/axi_mem_intercon/m00_couplers/auto_pc/inst/gen_axi4_axi3.axi3_conv_inst/USE_WRITE.write_addr_inst/USE_BURSTS.cmd_queue/inst/fifo_gen_inst/inst_fifo_gen/gconvfifo.rf/grf.rf/gntv_or_sync_fifo.gl0.rd/gr1.gr1_int.rfwft/empty_fwft_fb_i_reg/PRE,
system_i/axi_mem_intercon/m00_couplers/auto_pc/inst/gen_axi4_axi3.axi3_conv_inst/USE_WRITE.write_addr_inst/USE_BURSTS.cmd_queue/inst/fifo_gen_inst/inst_fifo_gen/gconvfifo.rf/grf.rf/gntv_or_sync_fifo.gl0.rd/gr1.gr1_int.rfwft/empty_fwft_fb_o_i_reg/PRE,
system_i/axi_mem_intercon/m00_couplers/auto_pc/inst/gen_axi4_axi3.axi3_conv_inst/USE_WRITE.write_addr_inst/USE_BURSTS.cmd_queue/inst/fifo_gen_inst/inst_fifo_gen/gconvfifo.rf/grf.rf/gntv_or_sync_fifo.gl0.rd/gr1.gr1_int.rfwft/empty_fwft_i_reg/PRE,
system_i/axi_mem_intercon/m00_couplers/auto_pc/inst/gen_axi4_axi3.axi3_conv_inst/USE_WRITE.write_addr_inst/USE_BURSTS.cmd_queue/inst/fifo_gen_inst/inst_fifo_gen/gconvfifo.rf/grf.rf/gntv_or_sync_fifo.gl0.rd/gr1.gr1_int.rfwft/gpregsm1.curr_fwft_state_reg[0]/CLR,
system_i/axi_mem_intercon/m00_couplers/auto_pc/inst/gen_axi4_axi3.axi3_conv_inst/USE_WRITE.write_addr_inst/USE_BURSTS.cmd_queue/inst/fifo_gen_inst/inst_fifo_gen/gconvfifo.rf/grf.rf/gntv_or_sync_fifo.gl0.rd/gr1.gr1_int.rfwft/gpregsm1.curr_fwft_state_reg[1]/CLR,
system_i/axi_mem_intercon/m00_couplers/auto_pc/inst/gen_axi4_axi3.axi3_conv_inst/USE_WRITE.write_addr_inst/USE_BURSTS.cmd_queue/inst/fifo_gen_inst/inst_fifo_gen/gconvfifo.rf/grf.rf/gntv_or_sync_fifo.gl0.rd/gr1.gr1_int.rfwft/gpregsm1.user_valid_reg/CLR,
system_i/axi_mem_intercon/m00_couplers/auto_pc/inst/gen_axi4_axi3.axi3_conv_inst/USE_WRITE.write_addr_inst/USE_BURSTS.cmd_queue/inst/fifo_gen_inst/inst_fifo_gen/gconvfifo.rf/grf.rf/gntv_or_sync_fifo.gl0.rd/grss.rsts/ram_empty_fb_i_reg/PRE,
system_i/axi_mem_intercon/m00_couplers/auto_pc/inst/gen_axi4_axi3.axi3_conv_inst/USE_WRITE.write_addr_inst/USE_BURSTS.cmd_queue/inst/fifo_gen_inst/inst_fifo_gen/gconvfifo.rf/grf.rf/gntv_or_sync_fifo.gl0.rd/grss.rsts/ram_empty_i_reg/PRE,
system_i/axi_mem_intercon/m00_couplers/auto_pc/inst/gen_axi4_axi3.axi3_conv_inst/USE_WRITE.write_addr_inst/USE_BURSTS.cmd_queue/inst/fifo_gen_inst/inst_fifo_gen/gconvfifo.rf/grf.rf/gntv_or_sync_fifo.gl0.rd/rpntr/gc0.count_d1_reg[0]/CLR,
system_i/axi_mem_intercon/m00_couplers/auto_pc/inst/gen_axi4_axi3.axi3_conv_inst/USE_WRITE.write_addr_inst/USE_BURSTS.cmd_queue/inst/fifo_gen_inst/inst_fifo_gen/gconvfifo.rf/grf.rf/gntv_or_sync_fifo.gl0.rd/rpntr/gc0.count_d1_reg[1]/CLR,
system_i/axi_mem_intercon/m00_couplers/auto_pc/inst/gen_axi4_axi3.axi3_conv_inst/USE_WRITE.write_addr_inst/USE_BURSTS.cmd_queue/inst/fifo_gen_inst/inst_fifo_gen/gconvfifo.rf/grf.rf/gntv_or_sync_fifo.gl0.rd/rpntr/gc0.count_d1_reg[2]/CLR,
system_i/axi_mem_intercon/m00_couplers/auto_pc/inst/gen_axi4_axi3.axi3_conv_inst/USE_WRITE.write_addr_inst/USE_BURSTS.cmd_queue/inst/fifo_gen_inst/inst_fifo_gen/gconvfifo.rf/grf.rf/gntv_or_sync_fifo.gl0.rd/rpntr/gc0.count_d1_reg[3]/CLR,
system_i/axi_mem_intercon/m00_couplers/auto_pc/inst/gen_axi4_axi3.axi3_conv_inst/USE_WRITE.write_addr_inst/USE_BURSTS.cmd_queue/inst/fifo_gen_inst/inst_fifo_gen/gconvfifo.rf/grf.rf/gntv_or_sync_fifo.gl0.rd/rpntr/gc0.count_d1_reg[4]/CLR
 (the first 15 of 32 listed). The LUT may glitch and trigger an unexpected reset, even if it is a properly timed path.
Related violations: <none>

LUTAR-1#4 Warning
LUT drives async reset alert  
LUT cell system_i/axi_mem_intercon/m00_couplers/auto_pc/inst/gen_axi4_axi3.axi3_conv_inst/USE_WRITE.write_addr_inst/USE_B_CHANNEL.cmd_b_queue/inst/fifo_gen_inst/inst_fifo_gen/gconvfifo.rf/grf.rf/rstblk/gpregsm1.curr_fwft_state[1]_i_2, with 2 or more inputs, drives asynchronous preset/clear pin(s) system_i/axi_mem_intercon/m00_couplers/auto_pc/inst/gen_axi4_axi3.axi3_conv_inst/USE_WRITE.write_addr_inst/USE_B_CHANNEL.cmd_b_queue/inst/fifo_gen_inst/inst_fifo_gen/gconvfifo.rf/grf.rf/gntv_or_sync_fifo.gl0.rd/gr1.gr1_int.rfwft/aempty_fwft_fb_i_reg/PRE,
system_i/axi_mem_intercon/m00_couplers/auto_pc/inst/gen_axi4_axi3.axi3_conv_inst/USE_WRITE.write_addr_inst/USE_B_CHANNEL.cmd_b_queue/inst/fifo_gen_inst/inst_fifo_gen/gconvfifo.rf/grf.rf/gntv_or_sync_fifo.gl0.rd/gr1.gr1_int.rfwft/aempty_fwft_i_reg/PRE,
system_i/axi_mem_intercon/m00_couplers/auto_pc/inst/gen_axi4_axi3.axi3_conv_inst/USE_WRITE.write_addr_inst/USE_B_CHANNEL.cmd_b_queue/inst/fifo_gen_inst/inst_fifo_gen/gconvfifo.rf/grf.rf/gntv_or_sync_fifo.gl0.rd/gr1.gr1_int.rfwft/empty_fwft_fb_i_reg/PRE,
system_i/axi_mem_intercon/m00_couplers/auto_pc/inst/gen_axi4_axi3.axi3_conv_inst/USE_WRITE.write_addr_inst/USE_B_CHANNEL.cmd_b_queue/inst/fifo_gen_inst/inst_fifo_gen/gconvfifo.rf/grf.rf/gntv_or_sync_fifo.gl0.rd/gr1.gr1_int.rfwft/empty_fwft_fb_o_i_reg/PRE,
system_i/axi_mem_intercon/m00_couplers/auto_pc/inst/gen_axi4_axi3.axi3_conv_inst/USE_WRITE.write_addr_inst/USE_B_CHANNEL.cmd_b_queue/inst/fifo_gen_inst/inst_fifo_gen/gconvfifo.rf/grf.rf/gntv_or_sync_fifo.gl0.rd/gr1.gr1_int.rfwft/empty_fwft_i_reg/PRE,
system_i/axi_mem_intercon/m00_couplers/auto_pc/inst/gen_axi4_axi3.axi3_conv_inst/USE_WRITE.write_addr_inst/USE_B_CHANNEL.cmd_b_queue/inst/fifo_gen_inst/inst_fifo_gen/gconvfifo.rf/grf.rf/gntv_or_sync_fifo.gl0.rd/gr1.gr1_int.rfwft/gpregsm1.curr_fwft_state_reg[0]/CLR,
system_i/axi_mem_intercon/m00_couplers/auto_pc/inst/gen_axi4_axi3.axi3_conv_inst/USE_WRITE.write_addr_inst/USE_B_CHANNEL.cmd_b_queue/inst/fifo_gen_inst/inst_fifo_gen/gconvfifo.rf/grf.rf/gntv_or_sync_fifo.gl0.rd/gr1.gr1_int.rfwft/gpregsm1.curr_fwft_state_reg[1]/CLR,
system_i/axi_mem_intercon/m00_couplers/auto_pc/inst/gen_axi4_axi3.axi3_conv_inst/USE_WRITE.write_addr_inst/USE_B_CHANNEL.cmd_b_queue/inst/fifo_gen_inst/inst_fifo_gen/gconvfifo.rf/grf.rf/gntv_or_sync_fifo.gl0.rd/gr1.gr1_int.rfwft/gpregsm1.user_valid_reg/CLR,
system_i/axi_mem_intercon/m00_couplers/auto_pc/inst/gen_axi4_axi3.axi3_conv_inst/USE_WRITE.write_addr_inst/USE_B_CHANNEL.cmd_b_queue/inst/fifo_gen_inst/inst_fifo_gen/gconvfifo.rf/grf.rf/gntv_or_sync_fifo.gl0.rd/grss.rsts/ram_empty_fb_i_reg/PRE,
system_i/axi_mem_intercon/m00_couplers/auto_pc/inst/gen_axi4_axi3.axi3_conv_inst/USE_WRITE.write_addr_inst/USE_B_CHANNEL.cmd_b_queue/inst/fifo_gen_inst/inst_fifo_gen/gconvfifo.rf/grf.rf/gntv_or_sync_fifo.gl0.rd/grss.rsts/ram_empty_i_reg/PRE,
system_i/axi_mem_intercon/m00_couplers/auto_pc/inst/gen_axi4_axi3.axi3_conv_inst/USE_WRITE.write_addr_inst/USE_B_CHANNEL.cmd_b_queue/inst/fifo_gen_inst/inst_fifo_gen/gconvfifo.rf/grf.rf/gntv_or_sync_fifo.gl0.rd/rpntr/gc0.count_d1_reg[0]/CLR,
system_i/axi_mem_intercon/m00_couplers/auto_pc/inst/gen_axi4_axi3.axi3_conv_inst/USE_WRITE.write_addr_inst/USE_B_CHANNEL.cmd_b_queue/inst/fifo_gen_inst/inst_fifo_gen/gconvfifo.rf/grf.rf/gntv_or_sync_fifo.gl0.rd/rpntr/gc0.count_d1_reg[1]/CLR,
system_i/axi_mem_intercon/m00_couplers/auto_pc/inst/gen_axi4_axi3.axi3_conv_inst/USE_WRITE.write_addr_inst/USE_B_CHANNEL.cmd_b_queue/inst/fifo_gen_inst/inst_fifo_gen/gconvfifo.rf/grf.rf/gntv_or_sync_fifo.gl0.rd/rpntr/gc0.count_d1_reg[2]/CLR,
system_i/axi_mem_intercon/m00_couplers/auto_pc/inst/gen_axi4_axi3.axi3_conv_inst/USE_WRITE.write_addr_inst/USE_B_CHANNEL.cmd_b_queue/inst/fifo_gen_inst/inst_fifo_gen/gconvfifo.rf/grf.rf/gntv_or_sync_fifo.gl0.rd/rpntr/gc0.count_d1_reg[3]/CLR,
system_i/axi_mem_intercon/m00_couplers/auto_pc/inst/gen_axi4_axi3.axi3_conv_inst/USE_WRITE.write_addr_inst/USE_B_CHANNEL.cmd_b_queue/inst/fifo_gen_inst/inst_fifo_gen/gconvfifo.rf/grf.rf/gntv_or_sync_fifo.gl0.rd/rpntr/gc0.count_d1_reg[4]/CLR
 (the first 15 of 32 listed). The LUT may glitch and trigger an unexpected reset, even if it is a properly timed path.
Related violations: <none>

TIMING-18#1 Warning
Missing input or output delay  
An input delay is missing on btns_5bits_tri_i[0] relative to clock(s) clk_fpga_0
Related violations: <none>

TIMING-18#2 Warning
Missing input or output delay  
An input delay is missing on btns_5bits_tri_i[1] relative to clock(s) clk_fpga_0
Related violations: <none>

TIMING-18#3 Warning
Missing input or output delay  
An input delay is missing on btns_5bits_tri_i[2] relative to clock(s) clk_fpga_0
Related violations: <none>

TIMING-18#4 Warning
Missing input or output delay  
An input delay is missing on btns_5bits_tri_i[3] relative to clock(s) clk_fpga_0
Related violations: <none>

TIMING-18#5 Warning
Missing input or output delay  
An input delay is missing on btns_5bits_tri_i[4] relative to clock(s) clk_fpga_0
Related violations: <none>

TIMING-18#6 Warning
Missing input or output delay  
An input delay is missing on sws_8bits_tri_i[0] relative to clock(s) clk_fpga_0
Related violations: <none>

TIMING-18#7 Warning
Missing input or output delay  
An input delay is missing on sws_8bits_tri_i[1] relative to clock(s) clk_fpga_0
Related violations: <none>

TIMING-18#8 Warning
Missing input or output delay  
An input delay is missing on sws_8bits_tri_i[2] relative to clock(s) clk_fpga_0
Related violations: <none>

TIMING-18#9 Warning
Missing input or output delay  
An input delay is missing on sws_8bits_tri_i[3] relative to clock(s) clk_fpga_0
Related violations: <none>

TIMING-18#10 Warning
Missing input or output delay  
An input delay is missing on sws_8bits_tri_i[4] relative to clock(s) clk_fpga_0
Related violations: <none>

TIMING-18#11 Warning
Missing input or output delay  
An input delay is missing on sws_8bits_tri_i[5] relative to clock(s) clk_fpga_0
Related violations: <none>

TIMING-18#12 Warning
Missing input or output delay  
An input delay is missing on sws_8bits_tri_i[6] relative to clock(s) clk_fpga_0
Related violations: <none>

TIMING-18#13 Warning
Missing input or output delay  
An input delay is missing on sws_8bits_tri_i[7] relative to clock(s) clk_fpga_0
Related violations: <none>

TIMING-18#14 Warning
Missing input or output delay  
An output delay is missing on leds_8bits_tri_o[0] relative to clock(s) clk_fpga_0
Related violations: <none>

TIMING-18#15 Warning
Missing input or output delay  
An output delay is missing on leds_8bits_tri_o[1] relative to clock(s) clk_fpga_0
Related violations: <none>

TIMING-18#16 Warning
Missing input or output delay  
An output delay is missing on leds_8bits_tri_o[2] relative to clock(s) clk_fpga_0
Related violations: <none>

TIMING-18#17 Warning
Missing input or output delay  
An output delay is missing on leds_8bits_tri_o[3] relative to clock(s) clk_fpga_0
Related violations: <none>

TIMING-18#18 Warning
Missing input or output delay  
An output delay is missing on leds_8bits_tri_o[4] relative to clock(s) clk_fpga_0
Related violations: <none>

TIMING-18#19 Warning
Missing input or output delay  
An output delay is missing on leds_8bits_tri_o[5] relative to clock(s) clk_fpga_0
Related violations: <none>

TIMING-18#20 Warning
Missing input or output delay  
An output delay is missing on leds_8bits_tri_o[6] relative to clock(s) clk_fpga_0
Related violations: <none>

TIMING-18#21 Warning
Missing input or output delay  
An output delay is missing on leds_8bits_tri_o[7] relative to clock(s) clk_fpga_0
Related violations: <none>


