#-----------------------------------------------------------
# Vivado v2020.2 (64-bit)
# SW Build 3064766 on Wed Nov 18 09:12:45 MST 2020
# IP Build 3064653 on Wed Nov 18 14:17:31 MST 2020
# Start of session at: Mon Apr 19 18:32:29 2021
# Process ID: 8560
# Current directory: D:/Work/XilFPGAdev/VivadoProjects/ZedMinSysHW
# Command line: vivado.exe -gui_launcher_event rodinguilauncherevent9096 D:\Work\XilFPGAdev\VivadoProjects\ZedMinSysHW\ZedMinSysHW.xpr
# Log file: D:/Work/XilFPGAdev/VivadoProjects/ZedMinSysHW/vivado.log
# Journal file: D:/Work/XilFPGAdev/VivadoProjects/ZedMinSysHW\vivado.jou
#-----------------------------------------------------------
start_gui
open_project D:/Work/XilFPGAdev/VivadoProjects/ZedMinSysHW/ZedMinSysHW.xpr
Scanning sources...
Finished scanning sources
INFO: [IP_Flow 19-234] Refreshing IP repositories
INFO: [IP_Flow 19-1700] Loaded user IP repository 'd:/Work/XilFPGAdev/VivadoProjects/ZedMinSysHW/CustomIPs'.
INFO: [IP_Flow 19-2313] Loaded Vivado IP repository 'C:/Xilinx/Vivado/2020.2/data/ip'.
WARNING: [BD 41-1661] One or more IPs have been locked in the design 'system.bd'. Please run report_ip_status for more details and recommendations on how to fix this issue.
List of locked IPs:
system_SGBMHDLAl_ip_0_0

open_project: Time (s): cpu = 00:00:25 ; elapsed = 00:00:15 . Memory (MB): peak = 1004.922 ; gain = 0.000
update_compile_order -fileset sources_1
report_ip_status -name ip_status 
report_ip_status: Time (s): cpu = 00:00:03 ; elapsed = 00:00:05 . Memory (MB): peak = 1004.922 ; gain = 0.000
upgrade_ip -vlnv xilinx.com:ip:SGBMHDLAl_ip:1.0 [get_ips  system_SGBMHDLAl_ip_0_0] -log ip_upgrade.log
Reading block design file <D:/Work/XilFPGAdev/VivadoProjects/ZedMinSysHW/ZedMinSysHW.srcs/sources_1/bd/system/system.bd>...
Adding component instance block -- xilinx.com:ip:processing_system7:5.5 - processing_system7_0
Adding component instance block -- xilinx.com:ip:axi_gpio:2.0 - axi_gpio_0
Adding component instance block -- xilinx.com:ip:axi_gpio:2.0 - axi_gpio_1
Adding component instance block -- xilinx.com:ip:axi_interconnect:2.1 - ps7_0_axi_periph
Adding component instance block -- xilinx.com:ip:axi_crossbar:2.1 - xbar
Adding component instance block -- xilinx.com:ip:axi_protocol_converter:2.1 - auto_pc
Adding component instance block -- xilinx.com:ip:proc_sys_reset:5.0 - rst_ps7_0_100M
Adding component instance block -- xilinx.com:ip:axi_vdma:6.3 - axi_vdma_0
Adding component instance block -- xilinx.com:ip:axi_interconnect:2.1 - axi_mem_intercon
Adding component instance block -- xilinx.com:ip:axi_crossbar:2.1 - xbar
Adding component instance block -- xilinx.com:ip:axi_protocol_converter:2.1 - auto_pc
Adding component instance block -- xilinx.com:ip:SGBMHDLAl_ip:1.0 - SGBMHDLAl_ip_0
Successfully read diagram <system> from block design file <D:/Work/XilFPGAdev/VivadoProjects/ZedMinSysHW/ZedMinSysHW.srcs/sources_1/bd/system/system.bd>
Upgrading 'D:/Work/XilFPGAdev/VivadoProjects/ZedMinSysHW/ZedMinSysHW.srcs/sources_1/bd/system/system.bd'
INFO: [IP_Flow 19-3422] Upgraded system_SGBMHDLAl_ip_0_0 (SGBMHDLAl_ip 1.0) from revision 2104191613 to revision 2104191830
Wrote  : <D:\Work\XilFPGAdev\VivadoProjects\ZedMinSysHW\ZedMinSysHW.srcs\sources_1\bd\system\system.bd> 
Wrote  : <D:/Work/XilFPGAdev/VivadoProjects/ZedMinSysHW/ZedMinSysHW.srcs/sources_1/bd/system/ui/bd_c954508f.ui> 
INFO: [Coretcl 2-1525] Wrote upgrade log to 'D:/Work/XilFPGAdev/VivadoProjects/ZedMinSysHW/ip_upgrade.log'.
upgrade_ip: Time (s): cpu = 00:00:30 ; elapsed = 00:00:16 . Memory (MB): peak = 1019.801 ; gain = 14.879
export_ip_user_files -of_objects [get_ips system_SGBMHDLAl_ip_0_0] -no_script -sync -force -quiet
reset_run synth_1
launch_runs impl_1 -to_step write_bitstream -jobs 4
WARNING: [BD 41-702] Propagation TCL tries to overwrite USER strength parameter C_M_AXI_S2MM_DATA_WIDTH(32) on '/axi_vdma_0' with propagated value(64). Command ignored
WARNING: [BD 41-702] Propagation TCL tries to overwrite USER strength parameter C_M_AXI_S2MM_DATA_WIDTH(32) on '/axi_vdma_0' with propagated value(64). Command ignored
WARNING: [BD 41-702] Propagation TCL tries to overwrite USER strength parameter C_M_AXI_S2MM_DATA_WIDTH(32) on '/axi_vdma_0' with propagated value(64). Command ignored
WARNING: [BD 41-702] Propagation TCL tries to overwrite USER strength parameter C_M_AXI_S2MM_DATA_WIDTH(32) on '/axi_vdma_0' with propagated value(64). Command ignored
WARNING: [BD 41-702] Propagation TCL tries to overwrite USER strength parameter C_M_AXI_S2MM_DATA_WIDTH(32) on '/axi_vdma_0' with propagated value(64). Command ignored
WARNING: [BD 41-702] Propagation TCL tries to overwrite USER strength parameter C_M_AXI_S2MM_DATA_WIDTH(32) on '/axi_vdma_0' with propagated value(64). Command ignored
WARNING: [BD 41-702] Propagation TCL tries to overwrite USER strength parameter C_M_AXI_S2MM_DATA_WIDTH(32) on '/axi_vdma_0' with propagated value(64). Command ignored
Wrote  : <D:\Work\XilFPGAdev\VivadoProjects\ZedMinSysHW\ZedMinSysHW.srcs\sources_1\bd\system\system.bd> 
WARNING: [BD 41-2384] Width mismatch when connecting pin: '/axi_mem_intercon/m00_couplers/auto_pc/m_axi_rid'(1) to pin: '/axi_mem_intercon/m00_couplers/M_AXI_rid'(6) - Only lower order bits will be connected.
WARNING: [BD 41-2384] Width mismatch when connecting pin: '/axi_mem_intercon/m00_couplers/auto_pc/m_axi_bid'(1) to pin: '/axi_mem_intercon/m00_couplers/M_AXI_bid'(6) - Only lower order bits will be connected.
WARNING: [BD 41-2384] Width mismatch when connecting pin: '/processing_system7_0/S_AXI_HP0_AWID'(6) to pin: '/axi_mem_intercon/M00_AXI_awid'(1) - Only lower order bits will be connected.
WARNING: [BD 41-2384] Width mismatch when connecting pin: '/processing_system7_0/S_AXI_HP0_ARID'(6) to pin: '/axi_mem_intercon/M00_AXI_arid'(1) - Only lower order bits will be connected.
WARNING: [BD 41-2384] Width mismatch when connecting pin: '/processing_system7_0/S_AXI_HP0_WID'(6) to pin: '/axi_mem_intercon/M00_AXI_wid'(1) - Only lower order bits will be connected.
VHDL Output written to : d:/Work/XilFPGAdev/VivadoProjects/ZedMinSysHW/ZedMinSysHW.gen/sources_1/bd/system/synth/system.v
WARNING: [BD 41-2384] Width mismatch when connecting pin: '/axi_mem_intercon/m00_couplers/auto_pc/m_axi_rid'(1) to pin: '/axi_mem_intercon/m00_couplers/M_AXI_rid'(6) - Only lower order bits will be connected.
WARNING: [BD 41-2384] Width mismatch when connecting pin: '/axi_mem_intercon/m00_couplers/auto_pc/m_axi_bid'(1) to pin: '/axi_mem_intercon/m00_couplers/M_AXI_bid'(6) - Only lower order bits will be connected.
WARNING: [BD 41-2384] Width mismatch when connecting pin: '/processing_system7_0/S_AXI_HP0_AWID'(6) to pin: '/axi_mem_intercon/M00_AXI_awid'(1) - Only lower order bits will be connected.
WARNING: [BD 41-2384] Width mismatch when connecting pin: '/processing_system7_0/S_AXI_HP0_ARID'(6) to pin: '/axi_mem_intercon/M00_AXI_arid'(1) - Only lower order bits will be connected.
WARNING: [BD 41-2384] Width mismatch when connecting pin: '/processing_system7_0/S_AXI_HP0_WID'(6) to pin: '/axi_mem_intercon/M00_AXI_wid'(1) - Only lower order bits will be connected.
VHDL Output written to : d:/Work/XilFPGAdev/VivadoProjects/ZedMinSysHW/ZedMinSysHW.gen/sources_1/bd/system/sim/system.v
VHDL Output written to : d:/Work/XilFPGAdev/VivadoProjects/ZedMinSysHW/ZedMinSysHW.gen/sources_1/bd/system/hdl/system_wrapper.v
WARNING: [IP_Flow 19-5611] Unable to find an associated reset port for the interface 'M_AXI_GP0'. A default connection has been created.
WARNING: [IP_Flow 19-5611] Unable to find an associated reset port for the interface 'S_AXI_HP0'. A default connection has been created.
INFO: [BD 41-1029] Generation completed for the IP Integrator block processing_system7_0 .
INFO: [BD 41-1029] Generation completed for the IP Integrator block ps7_0_axi_periph/xbar .
INFO: [BD 41-1029] Generation completed for the IP Integrator block rst_ps7_0_100M .
WARNING: [IP_Flow 19-4994] Overwriting existing constraint file 'd:/Work/XilFPGAdev/VivadoProjects/ZedMinSysHW/ZedMinSysHW.gen/sources_1/bd/system/ip/system_axi_vdma_0_0/system_axi_vdma_0_0_ooc.xdc'
INFO: [BD 41-1029] Generation completed for the IP Integrator block axi_vdma_0 .
INFO: [BD 41-1029] Generation completed for the IP Integrator block axi_mem_intercon/xbar .
INFO: [BD 41-1029] Generation completed for the IP Integrator block SGBMHDLAl_ip_0 .
WARNING: [IP_Flow 19-4994] Overwriting existing constraint file 'd:/Work/XilFPGAdev/VivadoProjects/ZedMinSysHW/ZedMinSysHW.gen/sources_1/bd/system/ip/system_auto_pc_0/system_auto_pc_0_ooc.xdc'
INFO: [BD 41-1029] Generation completed for the IP Integrator block ps7_0_axi_periph/s00_couplers/auto_pc .
WARNING: [IP_Flow 19-4994] Overwriting existing constraint file 'd:/Work/XilFPGAdev/VivadoProjects/ZedMinSysHW/ZedMinSysHW.gen/sources_1/bd/system/ip/system_auto_pc_1/system_auto_pc_1_ooc.xdc'
INFO: [BD 41-1029] Generation completed for the IP Integrator block axi_mem_intercon/m00_couplers/auto_pc .
Exporting to file d:/Work/XilFPGAdev/VivadoProjects/ZedMinSysHW/ZedMinSysHW.gen/sources_1/bd/system/hw_handoff/system.hwh
Generated Block Design Tcl file d:/Work/XilFPGAdev/VivadoProjects/ZedMinSysHW/ZedMinSysHW.gen/sources_1/bd/system/hw_handoff/system_bd.tcl
Generated Hardware Definition File d:/Work/XilFPGAdev/VivadoProjects/ZedMinSysHW/ZedMinSysHW.gen/sources_1/bd/system/synth/system.hwdef
INFO: [IP_Flow 19-7066] Running IP cache check for IP system_SGBMHDLAl_ip_0_0
INFO: [IP_Flow 19-7066] Running IP cache check for IP system_auto_pc_0
INFO: [IP_Flow 19-7066] Running IP cache check for IP system_auto_pc_1
INFO: [IP_Flow 19-7066] Running IP cache check for IP system_axi_vdma_0_0
INFO: [IP_Flow 19-7066] Running IP cache check for IP system_processing_system7_0_0
INFO: [IP_Flow 19-7066] Running IP cache check for IP system_rst_ps7_0_100M_0
INFO: [IP_Flow 19-7066] Running IP cache check for IP system_xbar_0
INFO: [IP_Flow 19-7066] Running IP cache check for IP system_xbar_1
[Mon Apr 19 18:36:01 2021] Launched system_axi_vdma_0_0_synth_1, system_processing_system7_0_0_synth_1, system_rst_ps7_0_100M_0_synth_1, system_xbar_0_synth_1, system_xbar_1_synth_1, system_auto_pc_0_synth_1, system_auto_pc_1_synth_1, system_SGBMHDLAl_ip_0_0_synth_1, synth_1...
Run output will be captured here:
system_axi_vdma_0_0_synth_1: D:/Work/XilFPGAdev/VivadoProjects/ZedMinSysHW/ZedMinSysHW.runs/system_axi_vdma_0_0_synth_1/runme.log
system_processing_system7_0_0_synth_1: D:/Work/XilFPGAdev/VivadoProjects/ZedMinSysHW/ZedMinSysHW.runs/system_processing_system7_0_0_synth_1/runme.log
system_rst_ps7_0_100M_0_synth_1: D:/Work/XilFPGAdev/VivadoProjects/ZedMinSysHW/ZedMinSysHW.runs/system_rst_ps7_0_100M_0_synth_1/runme.log
system_xbar_0_synth_1: D:/Work/XilFPGAdev/VivadoProjects/ZedMinSysHW/ZedMinSysHW.runs/system_xbar_0_synth_1/runme.log
system_xbar_1_synth_1: D:/Work/XilFPGAdev/VivadoProjects/ZedMinSysHW/ZedMinSysHW.runs/system_xbar_1_synth_1/runme.log
system_auto_pc_0_synth_1: D:/Work/XilFPGAdev/VivadoProjects/ZedMinSysHW/ZedMinSysHW.runs/system_auto_pc_0_synth_1/runme.log
system_auto_pc_1_synth_1: D:/Work/XilFPGAdev/VivadoProjects/ZedMinSysHW/ZedMinSysHW.runs/system_auto_pc_1_synth_1/runme.log
system_SGBMHDLAl_ip_0_0_synth_1: D:/Work/XilFPGAdev/VivadoProjects/ZedMinSysHW/ZedMinSysHW.runs/system_SGBMHDLAl_ip_0_0_synth_1/runme.log
synth_1: D:/Work/XilFPGAdev/VivadoProjects/ZedMinSysHW/ZedMinSysHW.runs/synth_1/runme.log
[Mon Apr 19 18:36:01 2021] Launched impl_1...
Run output will be captured here: D:/Work/XilFPGAdev/VivadoProjects/ZedMinSysHW/ZedMinSysHW.runs/impl_1/runme.log
launch_runs: Time (s): cpu = 00:01:26 ; elapsed = 00:01:32 . Memory (MB): peak = 1289.180 ; gain = 269.379
reset_run synth_1
reset_run system_SGBMHDLAl_ip_0_0_synth_1
WARNING: [Vivado 12-1017] Problems encountered:
1. Failed to delete one or more files in run directory D:/Work/XilFPGAdev/VivadoProjects/ZedMinSysHW/ZedMinSysHW.runs/system_SGBMHDLAl_ip_0_0_synth_1

WARNING: [IP_Flow 19-4318] IP-XACT file does not exist: d:/Work/XilFPGAdev/VivadoProjects/ZedMinSysHW/CustomIPs/SGBMHDLAl_ip_v1_0/component.xml. It will be created.
update_ip_catalog -rebuild -scan_changes
INFO: [IP_Flow 19-234] Refreshing IP repositories
INFO: [IP_Flow 19-1700] Loaded user IP repository 'd:/Work/XilFPGAdev/VivadoProjects/ZedMinSysHW/CustomIPs'.
report_ip_status -name ip_status
upgrade_ip -vlnv xilinx.com:ip:SGBMHDLAl_ip:1.0 [get_ips  system_SGBMHDLAl_ip_0_0] -log ip_upgrade.log
Upgrading 'D:/Work/XilFPGAdev/VivadoProjects/ZedMinSysHW/ZedMinSysHW.srcs/sources_1/bd/system/system.bd'
INFO: [IP_Flow 19-3422] Upgraded system_SGBMHDLAl_ip_0_0 (SGBMHDLAl_ip 1.0) from revision 2104191830 to revision 2104191946
Wrote  : <D:\Work\XilFPGAdev\VivadoProjects\ZedMinSysHW\ZedMinSysHW.srcs\sources_1\bd\system\system.bd> 
Wrote  : <D:/Work/XilFPGAdev/VivadoProjects/ZedMinSysHW/ZedMinSysHW.srcs/sources_1/bd/system/ui/bd_c954508f.ui> 
INFO: [Coretcl 2-1525] Wrote upgrade log to 'D:/Work/XilFPGAdev/VivadoProjects/ZedMinSysHW/ip_upgrade.log'.
export_ip_user_files -of_objects [get_ips system_SGBMHDLAl_ip_0_0] -no_script -sync -force -quiet
report_ip_status -name ip_status 
launch_runs impl_1 -to_step write_bitstream -jobs 4
WARNING: [BD 41-702] Propagation TCL tries to overwrite USER strength parameter C_M_AXI_S2MM_DATA_WIDTH(32) on '/axi_vdma_0' with propagated value(64). Command ignored
WARNING: [BD 41-702] Propagation TCL tries to overwrite USER strength parameter C_M_AXI_S2MM_DATA_WIDTH(32) on '/axi_vdma_0' with propagated value(64). Command ignored
WARNING: [BD 41-702] Propagation TCL tries to overwrite USER strength parameter C_M_AXI_S2MM_DATA_WIDTH(32) on '/axi_vdma_0' with propagated value(64). Command ignored
WARNING: [BD 41-702] Propagation TCL tries to overwrite USER strength parameter C_M_AXI_S2MM_DATA_WIDTH(32) on '/axi_vdma_0' with propagated value(64). Command ignored
WARNING: [BD 41-702] Propagation TCL tries to overwrite USER strength parameter C_M_AXI_S2MM_DATA_WIDTH(32) on '/axi_vdma_0' with propagated value(64). Command ignored
WARNING: [BD 41-702] Propagation TCL tries to overwrite USER strength parameter C_M_AXI_S2MM_DATA_WIDTH(32) on '/axi_vdma_0' with propagated value(64). Command ignored
WARNING: [BD 41-702] Propagation TCL tries to overwrite USER strength parameter C_M_AXI_S2MM_DATA_WIDTH(32) on '/axi_vdma_0' with propagated value(64). Command ignored
Wrote  : <D:\Work\XilFPGAdev\VivadoProjects\ZedMinSysHW\ZedMinSysHW.srcs\sources_1\bd\system\system.bd> 
WARNING: [BD 41-2384] Width mismatch when connecting pin: '/axi_mem_intercon/m00_couplers/auto_pc/m_axi_rid'(1) to pin: '/axi_mem_intercon/m00_couplers/M_AXI_rid'(6) - Only lower order bits will be connected.
WARNING: [BD 41-2384] Width mismatch when connecting pin: '/axi_mem_intercon/m00_couplers/auto_pc/m_axi_bid'(1) to pin: '/axi_mem_intercon/m00_couplers/M_AXI_bid'(6) - Only lower order bits will be connected.
WARNING: [BD 41-2384] Width mismatch when connecting pin: '/processing_system7_0/S_AXI_HP0_AWID'(6) to pin: '/axi_mem_intercon/M00_AXI_awid'(1) - Only lower order bits will be connected.
WARNING: [BD 41-2384] Width mismatch when connecting pin: '/processing_system7_0/S_AXI_HP0_ARID'(6) to pin: '/axi_mem_intercon/M00_AXI_arid'(1) - Only lower order bits will be connected.
WARNING: [BD 41-2384] Width mismatch when connecting pin: '/processing_system7_0/S_AXI_HP0_WID'(6) to pin: '/axi_mem_intercon/M00_AXI_wid'(1) - Only lower order bits will be connected.
VHDL Output written to : d:/Work/XilFPGAdev/VivadoProjects/ZedMinSysHW/ZedMinSysHW.gen/sources_1/bd/system/synth/system.v
WARNING: [BD 41-2384] Width mismatch when connecting pin: '/axi_mem_intercon/m00_couplers/auto_pc/m_axi_rid'(1) to pin: '/axi_mem_intercon/m00_couplers/M_AXI_rid'(6) - Only lower order bits will be connected.
WARNING: [BD 41-2384] Width mismatch when connecting pin: '/axi_mem_intercon/m00_couplers/auto_pc/m_axi_bid'(1) to pin: '/axi_mem_intercon/m00_couplers/M_AXI_bid'(6) - Only lower order bits will be connected.
WARNING: [BD 41-2384] Width mismatch when connecting pin: '/processing_system7_0/S_AXI_HP0_AWID'(6) to pin: '/axi_mem_intercon/M00_AXI_awid'(1) - Only lower order bits will be connected.
WARNING: [BD 41-2384] Width mismatch when connecting pin: '/processing_system7_0/S_AXI_HP0_ARID'(6) to pin: '/axi_mem_intercon/M00_AXI_arid'(1) - Only lower order bits will be connected.
WARNING: [BD 41-2384] Width mismatch when connecting pin: '/processing_system7_0/S_AXI_HP0_WID'(6) to pin: '/axi_mem_intercon/M00_AXI_wid'(1) - Only lower order bits will be connected.
VHDL Output written to : d:/Work/XilFPGAdev/VivadoProjects/ZedMinSysHW/ZedMinSysHW.gen/sources_1/bd/system/sim/system.v
VHDL Output written to : d:/Work/XilFPGAdev/VivadoProjects/ZedMinSysHW/ZedMinSysHW.gen/sources_1/bd/system/hdl/system_wrapper.v
INFO: [BD 41-1029] Generation completed for the IP Integrator block SGBMHDLAl_ip_0 .
WARNING: [IP_Flow 19-4994] Overwriting existing constraint file 'd:/Work/XilFPGAdev/VivadoProjects/ZedMinSysHW/ZedMinSysHW.gen/sources_1/bd/system/ip/system_auto_pc_0/system_auto_pc_0_ooc.xdc'
INFO: [BD 41-1029] Generation completed for the IP Integrator block ps7_0_axi_periph/s00_couplers/auto_pc .
WARNING: [IP_Flow 19-4994] Overwriting existing constraint file 'd:/Work/XilFPGAdev/VivadoProjects/ZedMinSysHW/ZedMinSysHW.gen/sources_1/bd/system/ip/system_auto_pc_1/system_auto_pc_1_ooc.xdc'
INFO: [BD 41-1029] Generation completed for the IP Integrator block axi_mem_intercon/m00_couplers/auto_pc .
Exporting to file d:/Work/XilFPGAdev/VivadoProjects/ZedMinSysHW/ZedMinSysHW.gen/sources_1/bd/system/hw_handoff/system.hwh
Generated Block Design Tcl file d:/Work/XilFPGAdev/VivadoProjects/ZedMinSysHW/ZedMinSysHW.gen/sources_1/bd/system/hw_handoff/system_bd.tcl
Generated Hardware Definition File d:/Work/XilFPGAdev/VivadoProjects/ZedMinSysHW/ZedMinSysHW.gen/sources_1/bd/system/synth/system.hwdef
INFO: [IP_Flow 19-7066] Running IP cache check for IP system_SGBMHDLAl_ip_0_0
INFO: [IP_Flow 19-7066] Running IP cache check for IP system_auto_pc_0
INFO: [IP_Flow 19-7066] Running IP cache check for IP system_auto_pc_1
INFO: [IP_Flow 19-4993] Using cached IP synthesis design for IP system_auto_pc_0, cache-ID = 4802cb9bf1db46fd; cache size = 265.888 MB.
INFO: [IP_Flow 19-4993] Using cached IP synthesis design for IP system_auto_pc_1, cache-ID = b50661344eae297d; cache size = 265.888 MB.
[Mon Apr 19 19:49:37 2021] Launched system_SGBMHDLAl_ip_0_0_synth_1, synth_1...
Run output will be captured here:
system_SGBMHDLAl_ip_0_0_synth_1: D:/Work/XilFPGAdev/VivadoProjects/ZedMinSysHW/ZedMinSysHW.runs/system_SGBMHDLAl_ip_0_0_synth_1/runme.log
synth_1: D:/Work/XilFPGAdev/VivadoProjects/ZedMinSysHW/ZedMinSysHW.runs/synth_1/runme.log
[Mon Apr 19 19:49:37 2021] Launched impl_1...
Run output will be captured here: D:/Work/XilFPGAdev/VivadoProjects/ZedMinSysHW/ZedMinSysHW.runs/impl_1/runme.log
launch_runs: Time (s): cpu = 00:00:36 ; elapsed = 00:00:40 . Memory (MB): peak = 1325.672 ; gain = 2.445
open_run impl_1
INFO: [Device 21-403] Loading part xc7z020clg484-1
Netlist sorting complete. Time (s): cpu = 00:00:02 ; elapsed = 00:00:02 . Memory (MB): peak = 1590.645 ; gain = 0.000
INFO: [Netlist 29-17] Analyzing 2656 Unisim elements for replacement
INFO: [Netlist 29-28] Unisim Transformation completed in 0 CPU seconds
INFO: [Project 1-479] Netlist was created with Vivado 2020.2
INFO: [Project 1-570] Preparing netlist for logic optimization
INFO: [Timing 38-478] Restoring timing data from binary archive.
INFO: [Timing 38-479] Binary timing data restore complete.
INFO: [Project 1-856] Restoring constraints from binary archive.
INFO: [Project 1-853] Binary constraint restore complete.
Reading XDEF placement.
Reading placer database...
Reading XDEF routing.
Read XDEF File: Time (s): cpu = 00:00:08 ; elapsed = 00:00:08 . Memory (MB): peak = 2491.906 ; gain = 72.168
Restored from archive | CPU: 8.000000 secs | Memory: 0.000000 MB |
Finished XDEF File Restore: Time (s): cpu = 00:00:08 ; elapsed = 00:00:08 . Memory (MB): peak = 2491.906 ; gain = 72.168
Netlist sorting complete. Time (s): cpu = 00:00:00 ; elapsed = 00:00:00.035 . Memory (MB): peak = 2491.906 ; gain = 0.000
INFO: [Project 1-111] Unisim Transformation Summary:
  A total of 567 instances were transformed.
  RAM16X1D => RAM32X1D (RAMD32(x2)): 3 instances
  RAM32M => RAM32M (RAMD32(x6), RAMS32(x2)): 13 instances
  RAM32X1D => RAM32X1D (RAMD32(x2)): 1 instance 
  SRLC32E => SRL16E: 550 instances

open_run: Time (s): cpu = 00:01:16 ; elapsed = 00:01:03 . Memory (MB): peak = 2600.125 ; gain = 1271.496
open_report: Time (s): cpu = 00:00:43 ; elapsed = 00:00:23 . Memory (MB): peak = 2922.488 ; gain = 314.062
exit
INFO: [Common 17-206] Exiting Vivado at Mon Apr 19 20:32:05 2021...
