#-----------------------------------------------------------
# Vivado v2020.2 (64-bit)
# SW Build 3064766 on Wed Nov 18 09:12:45 MST 2020
# IP Build 3064653 on Wed Nov 18 14:17:31 MST 2020
# Start of session at: Fri Apr 16 01:17:45 2021
# Process ID: 2040
# Current directory: D:/Work/ZedMinSysHW
# Command line: vivado.exe -gui_launcher_event rodinguilauncherevent5116 D:\Work\ZedMinSysHW\ZedMinSysHW.xpr
# Log file: D:/Work/ZedMinSysHW/vivado.log
# Journal file: D:/Work/ZedMinSysHW\vivado.jou
#-----------------------------------------------------------
start_gui
open_project D:/Work/ZedMinSysHW/ZedMinSysHW.xpr
Scanning sources...
Finished scanning sources
INFO: [IP_Flow 19-234] Refreshing IP repositories
INFO: [IP_Flow 19-1700] Loaded user IP repository 'd:/Work/ZedMinSysHW/CustomIPs'.
INFO: [IP_Flow 19-2313] Loaded Vivado IP repository 'C:/Xilinx/Vivado/2020.2/data/ip'.
open_project: Time (s): cpu = 00:00:23 ; elapsed = 00:00:13 . Memory (MB): peak = 1002.273 ; gain = 0.000
update_compile_order -fileset sources_1
update_ip_catalog -rebuild
INFO: [IP_Flow 19-234] Refreshing IP repositories
INFO: [IP_Flow 19-1700] Loaded user IP repository 'd:/Work/ZedMinSysHW/CustomIPs'.
open_bd_design {D:/Work/ZedMinSysHW/ZedMinSysHW.srcs/sources_1/bd/system/system.bd}
Reading block design file <D:/Work/ZedMinSysHW/ZedMinSysHW.srcs/sources_1/bd/system/system.bd>...
Adding component instance block -- xilinx.com:ip:processing_system7:5.5 - processing_system7_0
Adding component instance block -- xilinx.com:ip:axi_gpio:2.0 - axi_gpio_0
Adding component instance block -- xilinx.com:ip:axi_gpio:2.0 - axi_gpio_1
Adding component instance block -- xilinx.com:ip:axi_interconnect:2.1 - ps7_0_axi_periph
Adding component instance block -- xilinx.com:ip:axi_crossbar:2.1 - xbar
Adding component instance block -- xilinx.com:ip:axi_protocol_converter:2.1 - auto_pc
Adding component instance block -- xilinx.com:ip:proc_sys_reset:5.0 - rst_ps7_0_100M
Adding component instance block -- xilinx.com:ip:axi_vdma:6.3 - axi_vdma_0
Adding component instance block -- xilinx.com:ip:axi_interconnect:2.1 - axi_mem_intercon
Adding component instance block -- xilinx.com:ip:axi_crossbar:2.1 - xbar
Adding component instance block -- xilinx.com:ip:axi_protocol_converter:2.1 - auto_pc
Adding component instance block -- xilinx.com:ip:RGB2Gray_ip:1.0 - RGB2Gray_ip_0
Successfully read diagram <system> from block design file <D:/Work/ZedMinSysHW/ZedMinSysHW.srcs/sources_1/bd/system/system.bd>
open_bd_design: Time (s): cpu = 00:00:18 ; elapsed = 00:00:16 . Memory (MB): peak = 1030.223 ; gain = 27.949
startgroup
create_bd_cell -type ip -vlnv xilinx.com:ip:Bilateral_ip:1.0 Bilateral_ip_0
endgroup
apply_bd_automation -rule xilinx.com:bd_rule:axi4 -config { Clk_master {/processing_system7_0/FCLK_CLK0 (100 MHz)} Clk_slave {Auto} Clk_xbar {/processing_system7_0/FCLK_CLK0 (100 MHz)} Master {/processing_system7_0/M_AXI_GP0} Slave {/Bilateral_ip_0/AXI4_Lite} ddr_seg {Auto} intc_ip {/ps7_0_axi_periph} master_apm {0}}  [get_bd_intf_pins Bilateral_ip_0/AXI4_Lite]
Slave segment '/Bilateral_ip_0/AXI4_Lite/reg0' is being assigned into address space '/processing_system7_0/Data' at <0x43C1_0000 [ 64K ]>.
set_property location {4 1113 136} [get_bd_cells Bilateral_ip_0]
delete_bd_objs [get_bd_intf_nets axi_vdma_0_M_AXIS_MM2S]
connect_bd_intf_net [get_bd_intf_pins axi_vdma_0/M_AXIS_MM2S] [get_bd_intf_pins Bilateral_ip_0/AXI4_Stream_Video_Slave]
delete_bd_objs [get_bd_intf_nets RGB2Gray_ip_0_AXI4_Stream_Video_Master]
connect_bd_intf_net [get_bd_intf_pins Bilateral_ip_0/AXI4_Stream_Video_Master] [get_bd_intf_pins axi_vdma_0/S_AXIS_S2MM]
delete_bd_objs [get_bd_intf_nets ps7_0_axi_periph_M04_AXI]
delete_bd_objs [get_bd_intf_nets ps7_0_axi_periph_M03_AXI]
delete_bd_objs [get_bd_cells RGB2Gray_ip_0]
startgroup
apply_bd_automation -rule xilinx.com:bd_rule:axi4 -config { Clk_master {/processing_system7_0/FCLK_CLK0 (100 MHz)} Clk_slave {/processing_system7_0/FCLK_CLK0 (100 MHz)} Clk_xbar {/processing_system7_0/FCLK_CLK0 (100 MHz)} Master {/processing_system7_0/M_AXI_GP0} Slave {/Bilateral_ip_0/AXI4_Lite} ddr_seg {Auto} intc_ip {/ps7_0_axi_periph} master_apm {0}}  [get_bd_intf_pins Bilateral_ip_0/AXI4_Lite]
apply_bd_automation -rule xilinx.com:bd_rule:clkrst -config { Clk {/processing_system7_0/FCLK_CLK0 (100 MHz)} Freq {100} Ref_Clk0 {} Ref_Clk1 {} Ref_Clk2 {}}  [get_bd_pins Bilateral_ip_0/IPCORE_CLK]
endgroup
startgroup
set_property -dict [list CONFIG.NUM_MI {4}] [get_bd_cells ps7_0_axi_periph]
endgroup
regenerate_bd_layout
save_bd_design
Wrote  : <D:\Work\ZedMinSysHW\ZedMinSysHW.srcs\sources_1\bd\system\system.bd> 
Wrote  : <D:/Work/ZedMinSysHW/ZedMinSysHW.srcs/sources_1/bd/system/ui/bd_c954508f.ui> 
set_property offset 0x43C00000 [get_bd_addr_segs {processing_system7_0/Data/SEG_Bilateral_ip_0_reg0}]
save_bd_design
Wrote  : <D:\Work\ZedMinSysHW\ZedMinSysHW.srcs\sources_1\bd\system\system.bd> 
Wrote  : <D:/Work/ZedMinSysHW/ZedMinSysHW.srcs/sources_1/bd/system/ui/bd_c954508f.ui> 
reset_run synth_1
launch_runs impl_1 -to_step write_bitstream -jobs 4
WARNING: [BD 41-702] Propagation TCL tries to overwrite USER strength parameter C_M_AXI_S2MM_DATA_WIDTH(32) on '/axi_vdma_0' with propagated value(64). Command ignored
WARNING: [BD 41-702] Propagation TCL tries to overwrite USER strength parameter C_M_AXI_S2MM_DATA_WIDTH(32) on '/axi_vdma_0' with propagated value(64). Command ignored
WARNING: [BD 41-702] Propagation TCL tries to overwrite USER strength parameter C_M_AXI_S2MM_DATA_WIDTH(32) on '/axi_vdma_0' with propagated value(64). Command ignored
WARNING: [BD 41-702] Propagation TCL tries to overwrite USER strength parameter C_M_AXI_S2MM_DATA_WIDTH(32) on '/axi_vdma_0' with propagated value(64). Command ignored
WARNING: [BD 41-702] Propagation TCL tries to overwrite USER strength parameter C_M_AXI_S2MM_DATA_WIDTH(32) on '/axi_vdma_0' with propagated value(64). Command ignored
WARNING: [BD 41-702] Propagation TCL tries to overwrite USER strength parameter C_M_AXI_S2MM_DATA_WIDTH(32) on '/axi_vdma_0' with propagated value(64). Command ignored
WARNING: [BD 41-702] Propagation TCL tries to overwrite USER strength parameter C_M_AXI_S2MM_DATA_WIDTH(32) on '/axi_vdma_0' with propagated value(64). Command ignored
Wrote  : <D:\Work\ZedMinSysHW\ZedMinSysHW.srcs\sources_1\bd\system\system.bd> 
WARNING: [BD 41-2384] Width mismatch when connecting pin: '/axi_mem_intercon/m00_couplers/auto_pc/m_axi_rid'(1) to pin: '/axi_mem_intercon/m00_couplers/M_AXI_rid'(6) - Only lower order bits will be connected.
WARNING: [BD 41-2384] Width mismatch when connecting pin: '/axi_mem_intercon/m00_couplers/auto_pc/m_axi_bid'(1) to pin: '/axi_mem_intercon/m00_couplers/M_AXI_bid'(6) - Only lower order bits will be connected.
WARNING: [BD 41-2384] Width mismatch when connecting pin: '/processing_system7_0/S_AXI_HP0_AWID'(6) to pin: '/axi_mem_intercon/M00_AXI_awid'(1) - Only lower order bits will be connected.
WARNING: [BD 41-2384] Width mismatch when connecting pin: '/processing_system7_0/S_AXI_HP0_ARID'(6) to pin: '/axi_mem_intercon/M00_AXI_arid'(1) - Only lower order bits will be connected.
WARNING: [BD 41-2384] Width mismatch when connecting pin: '/processing_system7_0/S_AXI_HP0_WID'(6) to pin: '/axi_mem_intercon/M00_AXI_wid'(1) - Only lower order bits will be connected.
VHDL Output written to : d:/Work/ZedMinSysHW/ZedMinSysHW.gen/sources_1/bd/system/synth/system.v
WARNING: [BD 41-2384] Width mismatch when connecting pin: '/axi_mem_intercon/m00_couplers/auto_pc/m_axi_rid'(1) to pin: '/axi_mem_intercon/m00_couplers/M_AXI_rid'(6) - Only lower order bits will be connected.
WARNING: [BD 41-2384] Width mismatch when connecting pin: '/axi_mem_intercon/m00_couplers/auto_pc/m_axi_bid'(1) to pin: '/axi_mem_intercon/m00_couplers/M_AXI_bid'(6) - Only lower order bits will be connected.
WARNING: [BD 41-2384] Width mismatch when connecting pin: '/processing_system7_0/S_AXI_HP0_AWID'(6) to pin: '/axi_mem_intercon/M00_AXI_awid'(1) - Only lower order bits will be connected.
WARNING: [BD 41-2384] Width mismatch when connecting pin: '/processing_system7_0/S_AXI_HP0_ARID'(6) to pin: '/axi_mem_intercon/M00_AXI_arid'(1) - Only lower order bits will be connected.
WARNING: [BD 41-2384] Width mismatch when connecting pin: '/processing_system7_0/S_AXI_HP0_WID'(6) to pin: '/axi_mem_intercon/M00_AXI_wid'(1) - Only lower order bits will be connected.
VHDL Output written to : d:/Work/ZedMinSysHW/ZedMinSysHW.gen/sources_1/bd/system/sim/system.v
VHDL Output written to : d:/Work/ZedMinSysHW/ZedMinSysHW.gen/sources_1/bd/system/hdl/system_wrapper.v
INFO: [BD 41-1029] Generation completed for the IP Integrator block Bilateral_ip_0 .
WARNING: [IP_Flow 19-4994] Overwriting existing constraint file 'd:/Work/ZedMinSysHW/ZedMinSysHW.gen/sources_1/bd/system/ip/system_auto_pc_0/system_auto_pc_0_ooc.xdc'
INFO: [BD 41-1029] Generation completed for the IP Integrator block ps7_0_axi_periph/s00_couplers/auto_pc .
WARNING: [IP_Flow 19-4994] Overwriting existing constraint file 'd:/Work/ZedMinSysHW/ZedMinSysHW.gen/sources_1/bd/system/ip/system_auto_pc_1/system_auto_pc_1_ooc.xdc'
INFO: [BD 41-1029] Generation completed for the IP Integrator block axi_mem_intercon/m00_couplers/auto_pc .
Exporting to file d:/Work/ZedMinSysHW/ZedMinSysHW.gen/sources_1/bd/system/hw_handoff/system.hwh
Generated Block Design Tcl file d:/Work/ZedMinSysHW/ZedMinSysHW.gen/sources_1/bd/system/hw_handoff/system_bd.tcl
Generated Hardware Definition File d:/Work/ZedMinSysHW/ZedMinSysHW.gen/sources_1/bd/system/synth/system.hwdef
INFO: [IP_Flow 19-7066] Running IP cache check for IP system_Bilateral_ip_0_0
INFO: [IP_Flow 19-7066] Running IP cache check for IP system_auto_pc_0
INFO: [IP_Flow 19-7066] Running IP cache check for IP system_auto_pc_1
INFO: [IP_Flow 19-4993] Using cached IP synthesis design for IP system_auto_pc_0, cache-ID = 291821656b379a66; cache size = 16.333 MB.
INFO: [IP_Flow 19-4993] Using cached IP synthesis design for IP system_auto_pc_1, cache-ID = 647613048fb08c86; cache size = 16.333 MB.
[Fri Apr 16 01:24:35 2021] Launched system_Bilateral_ip_0_0_synth_1, synth_1...
Run output will be captured here:
system_Bilateral_ip_0_0_synth_1: D:/Work/ZedMinSysHW/ZedMinSysHW.runs/system_Bilateral_ip_0_0_synth_1/runme.log
synth_1: D:/Work/ZedMinSysHW/ZedMinSysHW.runs/synth_1/runme.log
[Fri Apr 16 01:24:35 2021] Launched impl_1...
Run output will be captured here: D:/Work/ZedMinSysHW/ZedMinSysHW.runs/impl_1/runme.log
launch_runs: Time (s): cpu = 00:00:41 ; elapsed = 00:00:50 . Memory (MB): peak = 1349.766 ; gain = 164.246
exit
INFO: [Common 17-206] Exiting Vivado at Fri Apr 16 01:36:43 2021...
