#-----------------------------------------------------------
# Vivado v2020.2 (64-bit)
# SW Build 3064766 on Wed Nov 18 09:12:45 MST 2020
# IP Build 3064653 on Wed Nov 18 14:17:31 MST 2020
# Start of session at: Tue Apr 20 02:11:57 2021
# Process ID: 8120
# Current directory: D:/Work/XilFPGAdev/VivadoProjects/ZedMinSysHW
# Command line: vivado.exe -gui_launcher_event rodinguilauncherevent7880 D:\Work\XilFPGAdev\VivadoProjects\ZedMinSysHW\ZedMinSysHW.xpr
# Log file: D:/Work/XilFPGAdev/VivadoProjects/ZedMinSysHW/vivado.log
# Journal file: D:/Work/XilFPGAdev/VivadoProjects/ZedMinSysHW\vivado.jou
#-----------------------------------------------------------
start_gui
open_project D:/Work/XilFPGAdev/VivadoProjects/ZedMinSysHW/ZedMinSysHW.xpr
Scanning sources...
Finished scanning sources
INFO: [IP_Flow 19-234] Refreshing IP repositories
INFO: [IP_Flow 19-1700] Loaded user IP repository 'd:/Work/XilFPGAdev/VivadoProjects/ZedMinSysHW/CustomIPs'.
INFO: [IP_Flow 19-2313] Loaded Vivado IP repository 'C:/Xilinx/Vivado/2020.2/data/ip'.
open_project: Time (s): cpu = 00:00:27 ; elapsed = 00:00:17 . Memory (MB): peak = 1002.203 ; gain = 0.000
update_compile_order -fileset sources_1
reset_run impl_1 -prev_step 
launch_runs impl_1 -to_step write_bitstream -jobs 4
[Tue Apr 20 02:14:06 2021] Launched impl_1...
Run output will be captured here: D:/Work/XilFPGAdev/VivadoProjects/ZedMinSysHW/ZedMinSysHW.runs/impl_1/runme.log
exit
INFO: [Common 17-206] Exiting Vivado at Tue Apr 20 02:16:57 2021...
