#-----------------------------------------------------------
# Vivado v2020.2 (64-bit)
# SW Build 3064766 on Wed Nov 18 09:12:45 MST 2020
# IP Build 3064653 on Wed Nov 18 14:17:31 MST 2020
# Start of session at: Thu Apr 15 16:27:51 2021
# Process ID: 384
# Current directory: D:/Work/ZedMinSysHW
# Command line: vivado.exe -gui_launcher_event rodinguilauncherevent6780 D:\Work\ZedMinSysHW\ZedMinSysHW.xpr
# Log file: D:/Work/ZedMinSysHW/vivado.log
# Journal file: D:/Work/ZedMinSysHW\vivado.jou
#-----------------------------------------------------------
start_gui
open_project D:/Work/ZedMinSysHW/ZedMinSysHW.xpr
INFO: [Project 1-313] Project file moved from 'D:/ZedMinSysHW' since last save.
Scanning sources...
Finished scanning sources
INFO: [IP_Flow 19-234] Refreshing IP repositories
INFO: [IP_Flow 19-1700] Loaded user IP repository 'd:/Work/ZedMinSysHW/CustomIPs'.
INFO: [IP_Flow 19-2313] Loaded Vivado IP repository 'C:/Xilinx/Vivado/2020.2/data/ip'.
open_project: Time (s): cpu = 00:00:33 ; elapsed = 00:00:16 . Memory (MB): peak = 1005.879 ; gain = 0.000
update_compile_order -fileset sources_1
open_bd_design {D:/Work/ZedMinSysHW/ZedMinSysHW.srcs/sources_1/bd/system/system.bd}
Reading block design file <D:/Work/ZedMinSysHW/ZedMinSysHW.srcs/sources_1/bd/system/system.bd>...
Adding component instance block -- xilinx.com:ip:processing_system7:5.5 - processing_system7_0
Adding component instance block -- xilinx.com:ip:axi_gpio:2.0 - axi_gpio_0
Adding component instance block -- xilinx.com:ip:axi_gpio:2.0 - axi_gpio_1
Adding component instance block -- xilinx.com:ip:axi_interconnect:2.1 - ps7_0_axi_periph
Adding component instance block -- xilinx.com:ip:axi_crossbar:2.1 - xbar
Adding component instance block -- xilinx.com:ip:axi_protocol_converter:2.1 - auto_pc
Adding component instance block -- xilinx.com:ip:proc_sys_reset:5.0 - rst_ps7_0_100M
Adding component instance block -- xilinx.com:ip:axi_vdma:6.3 - axi_vdma_0
Adding component instance block -- xilinx.com:ip:axi_interconnect:2.1 - axi_mem_intercon
Adding component instance block -- xilinx.com:ip:axi_crossbar:2.1 - xbar
Adding component instance block -- xilinx.com:ip:axi_protocol_converter:2.1 - auto_pc
Adding component instance block -- xilinx.com:ip:RGB2Gray_ip:1.0 - RGB2Gray_ip_0
Successfully read diagram <system> from block design file <D:/Work/ZedMinSysHW/ZedMinSysHW.srcs/sources_1/bd/system/system.bd>
open_bd_design: Time (s): cpu = 00:00:21 ; elapsed = 00:00:17 . Memory (MB): peak = 1005.879 ; gain = 0.000
exit
INFO: [Common 17-206] Exiting Vivado at Thu Apr 15 16:29:15 2021...
