#-----------------------------------------------------------
# Vivado v2020.2 (64-bit)
# SW Build 3064766 on Wed Nov 18 09:12:45 MST 2020
# IP Build 3064653 on Wed Nov 18 14:17:31 MST 2020
# Start of session at: Thu Apr 15 23:51:17 2021
# Process ID: 5440
# Current directory: D:/Work/ZedMinSysHW
# Command line: vivado.exe -gui_launcher_event rodinguilauncherevent8460 D:\Work\ZedMinSysHW\ZedMinSysHW.xpr
# Log file: D:/Work/ZedMinSysHW/vivado.log
# Journal file: D:/Work/ZedMinSysHW\vivado.jou
#-----------------------------------------------------------
start_gui
open_project D:/Work/ZedMinSysHW/ZedMinSysHW.xpr
INFO: [Project 1-313] Project file moved from 'D:/ZedMinSysHW' since last save.
Scanning sources...
Finished scanning sources
INFO: [IP_Flow 19-234] Refreshing IP repositories
INFO: [IP_Flow 19-1700] Loaded user IP repository 'd:/Work/ZedMinSysHW/CustomIPs'.
INFO: [IP_Flow 19-2313] Loaded Vivado IP repository 'C:/Xilinx/Vivado/2020.2/data/ip'.
WARNING: [BD 41-1661] One or more IPs have been locked in the design 'system.bd'. Please run report_ip_status for more details and recommendations on how to fix this issue.
List of locked IPs:
system_RGB2Gray_ip_0_0

open_project: Time (s): cpu = 00:00:24 ; elapsed = 00:00:13 . Memory (MB): peak = 1005.602 ; gain = 0.000
update_compile_order -fileset sources_1
report_ip_status -name ip_status 
upgrade_ip -vlnv xilinx.com:ip:RGB2Gray_ip:1.0 [get_ips  system_RGB2Gray_ip_0_0] -log ip_upgrade.log
Reading block design file <D:/Work/ZedMinSysHW/ZedMinSysHW.srcs/sources_1/bd/system/system.bd>...
Adding component instance block -- xilinx.com:ip:processing_system7:5.5 - processing_system7_0
Adding component instance block -- xilinx.com:ip:axi_gpio:2.0 - axi_gpio_0
Adding component instance block -- xilinx.com:ip:axi_gpio:2.0 - axi_gpio_1
Adding component instance block -- xilinx.com:ip:axi_interconnect:2.1 - ps7_0_axi_periph
Adding component instance block -- xilinx.com:ip:axi_crossbar:2.1 - xbar
Adding component instance block -- xilinx.com:ip:axi_protocol_converter:2.1 - auto_pc
Adding component instance block -- xilinx.com:ip:proc_sys_reset:5.0 - rst_ps7_0_100M
Adding component instance block -- xilinx.com:ip:axi_vdma:6.3 - axi_vdma_0
Adding component instance block -- xilinx.com:ip:axi_interconnect:2.1 - axi_mem_intercon
Adding component instance block -- xilinx.com:ip:axi_crossbar:2.1 - xbar
Adding component instance block -- xilinx.com:ip:axi_protocol_converter:2.1 - auto_pc
Adding component instance block -- xilinx.com:ip:RGB2Gray_ip:1.0 - RGB2Gray_ip_0
Successfully read diagram <system> from block design file <D:/Work/ZedMinSysHW/ZedMinSysHW.srcs/sources_1/bd/system/system.bd>
Upgrading 'D:/Work/ZedMinSysHW/ZedMinSysHW.srcs/sources_1/bd/system/system.bd'
INFO: [IP_Flow 19-3422] Upgraded system_RGB2Gray_ip_0_0 (RGB2Gray_ip 1.0) from revision 2104132009 to revision 2104152349
Wrote  : <D:\Work\ZedMinSysHW\ZedMinSysHW.srcs\sources_1\bd\system\system.bd> 
Wrote  : <D:/Work/ZedMinSysHW/ZedMinSysHW.srcs/sources_1/bd/system/ui/bd_c954508f.ui> 
INFO: [Coretcl 2-1525] Wrote upgrade log to 'D:/Work/ZedMinSysHW/ip_upgrade.log'.
upgrade_ip: Time (s): cpu = 00:00:31 ; elapsed = 00:00:16 . Memory (MB): peak = 1005.859 ; gain = 0.258
export_ip_user_files -of_objects [get_ips system_RGB2Gray_ip_0_0] -no_script -sync -force -quiet
reset_run synth_1
launch_runs impl_1 -to_step write_bitstream -jobs 4
WARNING: [BD 41-702] Propagation TCL tries to overwrite USER strength parameter C_M_AXI_S2MM_DATA_WIDTH(32) on '/axi_vdma_0' with propagated value(64). Command ignored
WARNING: [BD 41-702] Propagation TCL tries to overwrite USER strength parameter C_M_AXI_S2MM_DATA_WIDTH(32) on '/axi_vdma_0' with propagated value(64). Command ignored
WARNING: [BD 41-702] Propagation TCL tries to overwrite USER strength parameter C_M_AXI_S2MM_DATA_WIDTH(32) on '/axi_vdma_0' with propagated value(64). Command ignored
WARNING: [BD 41-702] Propagation TCL tries to overwrite USER strength parameter C_M_AXI_S2MM_DATA_WIDTH(32) on '/axi_vdma_0' with propagated value(64). Command ignored
WARNING: [BD 41-702] Propagation TCL tries to overwrite USER strength parameter C_M_AXI_S2MM_DATA_WIDTH(32) on '/axi_vdma_0' with propagated value(64). Command ignored
WARNING: [BD 41-702] Propagation TCL tries to overwrite USER strength parameter C_M_AXI_S2MM_DATA_WIDTH(32) on '/axi_vdma_0' with propagated value(64). Command ignored
WARNING: [BD 41-702] Propagation TCL tries to overwrite USER strength parameter C_M_AXI_S2MM_DATA_WIDTH(32) on '/axi_vdma_0' with propagated value(64). Command ignored
Wrote  : <D:\Work\ZedMinSysHW\ZedMinSysHW.srcs\sources_1\bd\system\system.bd> 
Wrote  : <D:/Work/ZedMinSysHW/ZedMinSysHW.srcs/sources_1/bd/system/ui/bd_c954508f.ui> 
WARNING: [BD 41-2384] Width mismatch when connecting pin: '/axi_mem_intercon/m00_couplers/auto_pc/m_axi_rid'(1) to pin: '/axi_mem_intercon/m00_couplers/M_AXI_rid'(6) - Only lower order bits will be connected.
WARNING: [BD 41-2384] Width mismatch when connecting pin: '/axi_mem_intercon/m00_couplers/auto_pc/m_axi_bid'(1) to pin: '/axi_mem_intercon/m00_couplers/M_AXI_bid'(6) - Only lower order bits will be connected.
WARNING: [BD 41-2384] Width mismatch when connecting pin: '/processing_system7_0/S_AXI_HP0_AWID'(6) to pin: '/axi_mem_intercon/M00_AXI_awid'(1) - Only lower order bits will be connected.
WARNING: [BD 41-2384] Width mismatch when connecting pin: '/processing_system7_0/S_AXI_HP0_ARID'(6) to pin: '/axi_mem_intercon/M00_AXI_arid'(1) - Only lower order bits will be connected.
WARNING: [BD 41-2384] Width mismatch when connecting pin: '/processing_system7_0/S_AXI_HP0_WID'(6) to pin: '/axi_mem_intercon/M00_AXI_wid'(1) - Only lower order bits will be connected.
VHDL Output written to : d:/Work/ZedMinSysHW/ZedMinSysHW.gen/sources_1/bd/system/synth/system.v
WARNING: [BD 41-2384] Width mismatch when connecting pin: '/axi_mem_intercon/m00_couplers/auto_pc/m_axi_rid'(1) to pin: '/axi_mem_intercon/m00_couplers/M_AXI_rid'(6) - Only lower order bits will be connected.
WARNING: [BD 41-2384] Width mismatch when connecting pin: '/axi_mem_intercon/m00_couplers/auto_pc/m_axi_bid'(1) to pin: '/axi_mem_intercon/m00_couplers/M_AXI_bid'(6) - Only lower order bits will be connected.
WARNING: [BD 41-2384] Width mismatch when connecting pin: '/processing_system7_0/S_AXI_HP0_AWID'(6) to pin: '/axi_mem_intercon/M00_AXI_awid'(1) - Only lower order bits will be connected.
WARNING: [BD 41-2384] Width mismatch when connecting pin: '/processing_system7_0/S_AXI_HP0_ARID'(6) to pin: '/axi_mem_intercon/M00_AXI_arid'(1) - Only lower order bits will be connected.
WARNING: [BD 41-2384] Width mismatch when connecting pin: '/processing_system7_0/S_AXI_HP0_WID'(6) to pin: '/axi_mem_intercon/M00_AXI_wid'(1) - Only lower order bits will be connected.
VHDL Output written to : d:/Work/ZedMinSysHW/ZedMinSysHW.gen/sources_1/bd/system/sim/system.v
VHDL Output written to : d:/Work/ZedMinSysHW/ZedMinSysHW.gen/sources_1/bd/system/hdl/system_wrapper.v
INFO: [BD 41-1029] Generation completed for the IP Integrator block RGB2Gray_ip_0 .
WARNING: [IP_Flow 19-4994] Overwriting existing constraint file 'd:/Work/ZedMinSysHW/ZedMinSysHW.gen/sources_1/bd/system/ip/system_auto_pc_0/system_auto_pc_0_ooc.xdc'
INFO: [BD 41-1029] Generation completed for the IP Integrator block ps7_0_axi_periph/s00_couplers/auto_pc .
WARNING: [IP_Flow 19-4994] Overwriting existing constraint file 'd:/Work/ZedMinSysHW/ZedMinSysHW.gen/sources_1/bd/system/ip/system_auto_pc_1/system_auto_pc_1_ooc.xdc'
INFO: [BD 41-1029] Generation completed for the IP Integrator block axi_mem_intercon/m00_couplers/auto_pc .
Exporting to file d:/Work/ZedMinSysHW/ZedMinSysHW.gen/sources_1/bd/system/hw_handoff/system.hwh
Generated Block Design Tcl file d:/Work/ZedMinSysHW/ZedMinSysHW.gen/sources_1/bd/system/hw_handoff/system_bd.tcl
Generated Hardware Definition File d:/Work/ZedMinSysHW/ZedMinSysHW.gen/sources_1/bd/system/synth/system.hwdef
INFO: [IP_Flow 19-7066] Running IP cache check for IP system_RGB2Gray_ip_0_0
INFO: [IP_Flow 19-7066] Running IP cache check for IP system_auto_pc_0
INFO: [IP_Flow 19-7066] Running IP cache check for IP system_auto_pc_1
INFO: [IP_Flow 19-4993] Using cached IP synthesis design for IP system_auto_pc_0, cache-ID = 291821656b379a66; cache size = 14.911 MB.
INFO: [IP_Flow 19-4993] Using cached IP synthesis design for IP system_auto_pc_1, cache-ID = 647613048fb08c86; cache size = 14.911 MB.
[Thu Apr 15 23:54:29 2021] Launched system_RGB2Gray_ip_0_0_synth_1, synth_1...
Run output will be captured here:
system_RGB2Gray_ip_0_0_synth_1: D:/Work/ZedMinSysHW/ZedMinSysHW.runs/system_RGB2Gray_ip_0_0_synth_1/runme.log
synth_1: D:/Work/ZedMinSysHW/ZedMinSysHW.runs/synth_1/runme.log
[Thu Apr 15 23:54:29 2021] Launched impl_1...
Run output will be captured here: D:/Work/ZedMinSysHW/ZedMinSysHW.runs/impl_1/runme.log
launch_runs: Time (s): cpu = 00:00:46 ; elapsed = 00:00:52 . Memory (MB): peak = 1226.766 ; gain = 212.168
write_hw_platform -fixed -include_bit -force -file D:/Work/ZedMinSysHW/system_wrapper.xsa
INFO: [Vivado 12-4895] Creating Hardware Platform: D:/Work/ZedMinSysHW/system_wrapper.xsa ...
INFO: [Hsi 55-2053] elapsed time for repository (C:/Xilinx/Vivado/2020.2/data\embeddedsw) loading 1 seconds
INFO: [Vivado 12-12467] The Hardware Platform can be used for Hardware
INFO: [Vivado 12-4896] Successfully created Hardware Platform: D:/Work/ZedMinSysHW/system_wrapper.xsa
write_hw_platform: Time (s): cpu = 00:00:09 ; elapsed = 00:00:10 . Memory (MB): peak = 1412.949 ; gain = 186.184
exit
INFO: [Common 17-206] Exiting Vivado at Fri Apr 16 00:02:05 2021...
